2023-04-28 21:23:19,748 INFO [long-pulling] client count 0

2023-04-28 21:23:29,757 INFO [long-pulling] client count 0

2023-04-28 21:23:29,887 INFO toNotifyTaskSize = 0

2023-04-28 21:23:29,887 INFO toClientNotifyTaskSize = 0

2023-04-28 21:23:29,891 INFO groupCount = 0, subscriberClientCount = 0, subscriberCount = 0

2023-04-28 21:23:39,762 INFO [long-pulling] client count 0

2023-04-28 21:23:39,890 INFO toNotifyTaskSize = 0

2023-04-28 21:23:39,890 INFO toClientNotifyTaskSize = 0

2023-04-28 21:23:39,891 INFO groupCount = 0, subscriberClientCount = 0, subscriberCount = 0

2023-04-28 21:23:49,767 INFO [long-pulling] client count 0

2023-04-28 21:23:49,891 INFO toNotifyTaskSize = 0

2023-04-28 21:23:49,891 INFO groupCount = 0, subscriberClientCount = 0, subscriberCount = 0

2023-04-28 21:23:49,891 INFO toClientNotifyTaskSize = 0

2023-04-28 21:23:59,771 INFO [long-pulling] client count 0

2023-04-28 21:23:59,892 INFO groupCount = 0, subscriberClientCount = 0, subscriberCount = 0

2023-04-28 21:23:59,892 INFO toNotifyTaskSize = 0

2023-04-28 21:23:59,892 INFO toClientNotifyTaskSize = 0

2023-04-28 21:24:09,773 INFO [long-pulling] client count 0

2023-04-28 21:24:09,893 INFO toNotifyTaskSize = 0

2023-04-28 21:24:09,893 INFO groupCount = 0, subscriberClientCount = 0, subscriberCount = 0

2023-04-28 21:24:09,893 INFO toClientNotifyTaskSize = 0

2023-04-28 21:24:19,778 INFO [long-pulling] client count 0

2023-04-28 21:24:19,896 INFO groupCount = 0, subscriberClientCount = 0, subscriberCount = 0

2023-04-28 21:24:19,896 INFO toNotifyTaskSize = 0

2023-04-28 21:24:19,897 INFO toClientNotifyTaskSize = 0

2023-04-28 21:24:29,782 INFO [long-pulling] client count 0

2023-04-28 21:24:29,898 INFO toNotifyTaskSize = 0

2023-04-28 21:24:29,898 INFO toClientNotifyTaskSize = 0

2023-04-28 21:24:29,898 INFO groupCount = 0, subscriberClientCount = 0, subscriberCount = 0

2023-04-28 21:24:39,787 INFO [long-pulling] client count 0

2023-04-28 21:24:39,899 INFO toNotifyTaskSize = 0

2023-04-28 21:24:39,899 INFO groupCount = 0, subscriberClientCount = 0, subscriberCount = 0

2023-04-28 21:24:39,899 INFO toClientNotifyTaskSize = 0

2023-04-28 21:24:49,791 INFO [long-pulling] client count 0

2023-04-28 21:24:49,903 INFO groupCount = 0, subscriberClientCount = 0, subscriberCount = 0

2023-04-28 21:24:49,903 INFO toNotifyTaskSize = 0

2023-04-28 21:24:49,903 INFO toClientNotifyTaskSize = 0

2023-04-28 21:27:56,965 INFO [long-pulling] client count 0

2023-04-28 21:28:06,971 INFO [long-pulling] client count 0

2023-04-28 21:28:07,048 INFO toNotifyTaskSize = 0

2023-04-28 21:28:07,048 INFO toClientNotifyTaskSize = 0

2023-04-28 21:28:07,051 INFO groupCount = 0, subscriberClientCount = 0, subscriberCount = 0

2023-04-28 21:28:16,977 INFO [long-pulling] client count 0

2023-04-28 21:28:17,054 INFO toNotifyTaskSize = 0

2023-04-28 21:28:17,054 INFO groupCount = 0, subscriberClientCount = 0, subscriberCount = 0

2023-04-28 21:28:17,054 INFO toClientNotifyTaskSize = 0

2023-04-28 21:28:26,982 INFO [long-pulling] client count 0

2023-04-28 21:28:27,057 INFO toNotifyTaskSize = 0

2023-04-28 21:28:27,057 INFO groupCount = 0, subscriberClientCount = 0, subscriberCount = 0

2023-04-28 21:28:27,057 INFO toClientNotifyTaskSize = 0

2023-04-28 21:28:36,984 INFO [long-pulling] client count 0

2023-04-28 21:28:37,063 INFO groupCount = 0, subscriberClientCount = 0, subscriberCount = 0

2023-04-28 21:28:37,063 INFO toNotifyTaskSize = 0

2023-04-28 21:28:37,063 INFO toClientNotifyTaskSize = 0

2023-04-28 21:28:46,990 INFO [long-pulling] client count 0

2023-04-28 21:28:47,067 INFO groupCount = 0, subscriberClientCount = 0, subscriberCount = 0

2023-04-28 21:28:47,067 INFO toNotifyTaskSize = 0

2023-04-28 21:28:47,067 INFO toClientNotifyTaskSize = 0

2023-04-28 21:28:56,991 INFO [long-pulling] client count 0

2023-04-28 21:28:57,073 INFO toNotifyTaskSize = 0

2023-04-28 21:28:57,073 INFO groupCount = 0, subscriberClientCount = 0, subscriberCount = 0

2023-04-28 21:28:57,073 INFO toClientNotifyTaskSize = 0

2023-04-28 21:29:06,995 INFO [long-pulling] client count 0

2023-04-28 21:29:07,077 INFO toNotifyTaskSize = 0

2023-04-28 21:29:07,077 INFO groupCount = 0, subscriberClientCount = 0, subscriberCount = 0

2023-04-28 21:29:07,077 INFO toClientNotifyTaskSize = 0

2023-04-28 21:29:16,999 INFO [long-pulling] client count 0

2023-04-28 21:29:17,082 INFO groupCount = 0, subscriberClientCount = 0, subscriberCount = 0

2023-04-28 21:29:17,082 INFO toNotifyTaskSize = 0

2023-04-28 21:29:17,082 INFO toClientNotifyTaskSize = 0

2023-04-28 21:29:27,000 INFO [long-pulling] client count 0

2023-04-28 21:29:27,083 INFO groupCount = 0, subscriberClientCount = 0, subscriberCount = 0

2023-04-28 21:29:27,083 INFO toNotifyTaskSize = 0

2023-04-28 21:29:27,083 INFO toClientNotifyTaskSize = 0

2023-04-28 21:29:37,006 INFO [long-pulling] client count 0

2023-04-28 21:29:37,084 INFO toNotifyTaskSize = 0

2023-04-28 21:29:37,084 INFO groupCount = 0, subscriberClientCount = 0, subscriberCount = 0

2023-04-28 21:29:37,084 INFO toClientNotifyTaskSize = 0

2023-04-28 21:29:47,010 INFO [long-pulling] client count 0

2023-04-28 21:29:47,085 INFO groupCount = 0, subscriberClientCount = 0, subscriberCount = 0

2023-04-28 21:29:47,085 INFO toNotifyTaskSize = 0

2023-04-28 21:29:47,085 INFO toClientNotifyTaskSize = 0

2023-04-28 21:29:57,012 INFO [long-pulling] client count 0

2023-04-28 21:29:57,086 INFO toNotifyTaskSize = 0

2023-04-28 21:29:57,086 INFO groupCount = 0, subscriberClientCount = 0, subscriberCount = 0

2023-04-28 21:29:57,086 INFO toClientNotifyTaskSize = 0

2023-04-28 21:30:07,018 INFO [long-pulling] client count 0

2023-04-28 21:30:07,091 INFO groupCount = 0, subscriberClientCount = 0, subscriberCount = 0

2023-04-28 21:30:07,091 INFO toNotifyTaskSize = 0

2023-04-28 21:30:07,091 INFO toClientNotifyTaskSize = 0

2023-04-28 21:30:17,023 INFO [long-pulling] client count 0

2023-04-28 21:30:17,095 INFO groupCount = 0, subscriberClientCount = 0, subscriberCount = 0

2023-04-28 21:30:17,095 INFO toNotifyTaskSize = 0

2023-04-28 21:30:17,095 INFO toClientNotifyTaskSize = 0

2023-04-28 21:30:27,029 INFO [long-pulling] client count 0

2023-04-28 21:30:27,098 INFO groupCount = 0, subscriberClientCount = 0, subscriberCount = 0

2023-04-28 21:30:27,098 INFO toNotifyTaskSize = 0

2023-04-28 21:30:27,098 INFO toClientNotifyTaskSize = 0

2023-04-28 21:30:37,032 INFO [long-pulling] client count 0

2023-04-28 21:30:37,099 INFO groupCount = 0, subscriberClientCount = 0, subscriberCount = 0

2023-04-28 21:30:37,099 INFO toNotifyTaskSize = 0

2023-04-28 21:30:37,099 INFO toClientNotifyTaskSize = 0

2023-04-28 21:30:47,038 INFO [long-pulling] client count 0

2023-04-28 21:30:47,101 INFO groupCount = 0, subscriberClientCount = 0, subscriberCount = 0

2023-04-28 21:30:47,101 INFO toNotifyTaskSize = 0

2023-04-28 21:30:47,101 INFO toClientNotifyTaskSize = 0

2023-04-28 21:30:57,044 INFO [long-pulling] client count 0

2023-04-28 21:30:57,106 INFO toNotifyTaskSize = 0

2023-04-28 21:30:57,106 INFO groupCount = 0, subscriberClientCount = 0, subscriberCount = 0

2023-04-28 21:30:57,106 INFO toClientNotifyTaskSize = 0

2023-04-28 21:31:07,046 INFO [long-pulling] client count 0

2023-04-28 21:31:07,109 INFO toNotifyTaskSize = 0

2023-04-28 21:31:07,109 INFO toClientNotifyTaskSize = 0

2023-04-28 21:31:07,109 INFO groupCount = 0, subscriberClientCount = 0, subscriberCount = 0

2023-04-28 21:31:17,051 INFO [long-pulling] client count 0

2023-04-28 21:31:17,112 INFO groupCount = 0, subscriberClientCount = 0, subscriberCount = 0

2023-04-28 21:31:17,112 INFO toNotifyTaskSize = 0

2023-04-28 21:31:17,112 INFO toClientNotifyTaskSize = 0

2023-04-28 21:31:27,053 INFO [long-pulling] client count 0

2023-04-28 21:31:27,113 INFO groupCount = 0, subscriberClientCount = 0, subscriberCount = 0

2023-04-28 21:31:27,113 INFO toNotifyTaskSize = 0

2023-04-28 21:31:27,113 INFO toClientNotifyTaskSize = 0

2023-04-28 21:31:37,057 INFO [long-pulling] client count 0

2023-04-28 21:31:37,114 INFO toNotifyTaskSize = 0

2023-04-28 21:31:37,114 INFO groupCount = 0, subscriberClientCount = 0, subscriberCount = 0

2023-04-28 21:31:37,114 INFO toClientNotifyTaskSize = 0

2023-04-28 21:31:47,062 INFO [long-pulling] client count 0

2023-04-28 21:31:47,115 INFO toNotifyTaskSize = 0

2023-04-28 21:31:47,115 INFO toClientNotifyTaskSize = 0

2023-04-28 21:31:47,115 INFO groupCount = 0, subscriberClientCount = 0, subscriberCount = 0

2023-04-28 21:31:57,067 INFO [long-pulling] client count 0

2023-04-28 21:31:57,118 INFO toNotifyTaskSize = 0

2023-04-28 21:31:57,118 INFO groupCount = 0, subscriberClientCount = 0, subscriberCount = 0

2023-04-28 21:31:57,118 INFO toClientNotifyTaskSize = 0

2023-04-28 21:32:07,067 INFO [long-pulling] client count 0

2023-04-28 21:32:07,121 INFO groupCount = 0, subscriberClientCount = 0, subscriberCount = 0

2023-04-28 21:32:07,121 INFO toNotifyTaskSize = 0

2023-04-28 21:32:07,122 INFO toClientNotifyTaskSize = 0

2023-04-28 21:32:17,070 INFO [long-pulling] client count 0

2023-04-28 21:32:17,125 INFO groupCount = 0, subscriberClientCount = 0, subscriberCount = 0

2023-04-28 21:32:17,125 INFO toNotifyTaskSize = 0

2023-04-28 21:32:17,125 INFO toClientNotifyTaskSize = 0

2023-04-28 21:32:27,071 INFO [long-pulling] client count 0

2023-04-28 21:32:27,127 INFO toNotifyTaskSize = 0

2023-04-28 21:32:27,127 INFO toClientNotifyTaskSize = 0

2023-04-28 21:32:27,127 INFO groupCount = 0, subscriberClientCount = 0, subscriberCount = 0

2023-04-28 21:32:37,073 INFO [long-pulling] client count 0

2023-04-28 21:32:37,133 INFO groupCount = 0, subscriberClientCount = 0, subscriberCount = 0

2023-04-28 21:32:37,133 INFO toNotifyTaskSize = 0

2023-04-28 21:32:37,133 INFO toClientNotifyTaskSize = 0

2023-04-28 21:32:47,077 INFO [long-pulling] client count 0

2023-04-28 21:32:47,138 INFO toNotifyTaskSize = 0

2023-04-28 21:32:47,138 INFO toClientNotifyTaskSize = 0

2023-04-28 21:32:47,138 INFO groupCount = 0, subscriberClientCount = 0, subscriberCount = 0

2023-04-28 21:32:57,079 INFO [long-pulling] client count 0

2023-04-28 21:32:57,143 INFO toNotifyTaskSize = 0

2023-04-28 21:32:57,144 INFO toClientNotifyTaskSize = 0

2023-04-28 21:32:57,143 INFO groupCount = 0, subscriberClientCount = 0, subscriberCount = 0

2023-04-28 21:33:07,084 INFO [long-pulling] client count 0

2023-04-28 21:33:07,146 INFO groupCount = 0, subscriberClientCount = 0, subscriberCount = 0

2023-04-28 21:33:07,146 INFO toNotifyTaskSize = 0

2023-04-28 21:33:07,147 INFO toClientNotifyTaskSize = 0

2023-04-28 21:33:17,089 INFO [long-pulling] client count 0

2023-04-28 21:33:17,148 INFO groupCount = 0, subscriberClientCount = 0, subscriberCount = 0

2023-04-28 21:33:17,148 INFO toNotifyTaskSize = 0

2023-04-28 21:33:17,149 INFO toClientNotifyTaskSize = 0

2023-04-28 21:33:27,089 INFO [long-pulling] client count 0

2023-04-28 21:33:27,151 INFO groupCount = 0, subscriberClientCount = 0, subscriberCount = 0

2023-04-28 21:33:27,151 INFO toNotifyTaskSize = 0

2023-04-28 21:33:27,151 INFO toClientNotifyTaskSize = 0

2023-04-28 21:33:37,094 INFO [long-pulling] client count 0

2023-04-28 21:33:37,153 INFO groupCount = 0, subscriberClientCount = 0, subscriberCount = 0

2023-04-28 21:33:37,153 INFO toNotifyTaskSize = 0

2023-04-28 21:33:37,153 INFO toClientNotifyTaskSize = 0

2023-04-28 21:33:47,096 INFO [long-pulling] client count 0

2023-04-28 21:33:47,157 INFO toNotifyTaskSize = 0

2023-04-28 21:33:47,157 INFO groupCount = 0, subscriberClientCount = 0, subscriberCount = 0

2023-04-28 21:33:47,157 INFO toClientNotifyTaskSize = 0

2023-04-28 21:33:57,097 INFO [long-pulling] client count 0

2023-04-28 21:33:57,162 INFO toNotifyTaskSize = 0

2023-04-28 21:33:57,162 INFO groupCount = 0, subscriberClientCount = 0, subscriberCount = 0

2023-04-28 21:33:57,162 INFO toClientNotifyTaskSize = 0

2023-04-28 21:34:07,099 INFO [long-pulling] client count 0

2023-04-28 21:34:07,164 INFO groupCount = 0, subscriberClientCount = 0, subscriberCount = 0

2023-04-28 21:34:07,164 INFO toNotifyTaskSize = 0

2023-04-28 21:34:07,164 INFO toClientNotifyTaskSize = 0

2023-04-28 21:34:17,101 INFO [long-pulling] client count 0

2023-04-28 21:34:17,169 INFO groupCount = 0, subscriberClientCount = 0, subscriberCount = 0

2023-04-28 21:34:17,169 INFO toNotifyTaskSize = 0

2023-04-28 21:34:17,169 INFO toClientNotifyTaskSize = 0

2023-04-28 21:34:27,104 INFO [long-pulling] client count 0

2023-04-28 21:34:27,171 INFO toNotifyTaskSize = 0

2023-04-28 21:34:27,171 INFO groupCount = 0, subscriberClientCount = 0, subscriberCount = 0

2023-04-28 21:34:27,171 INFO toClientNotifyTaskSize = 0

2023-04-28 21:34:37,106 INFO [long-pulling] client count 0

2023-04-28 21:34:37,177 INFO groupCount = 0, subscriberClientCount = 0, subscriberCount = 0

2023-04-28 21:34:37,177 INFO toNotifyTaskSize = 0

2023-04-28 21:34:37,177 INFO toClientNotifyTaskSize = 0

2023-04-28 21:34:47,111 INFO [long-pulling] client count 0

2023-04-28 21:34:47,180 INFO groupCount = 0, subscriberClientCount = 0, subscriberCount = 0

2023-04-28 21:34:47,180 INFO toNotifyTaskSize = 0

2023-04-28 21:34:47,180 INFO toClientNotifyTaskSize = 0

2023-04-28 21:34:57,115 INFO [long-pulling] client count 0

2023-04-28 21:34:57,183 INFO toNotifyTaskSize = 0

2023-04-28 21:34:57,183 INFO groupCount = 0, subscriberClientCount = 0, subscriberCount = 0

2023-04-28 21:34:57,183 INFO toClientNotifyTaskSize = 0

2023-04-28 21:35:07,120 INFO [long-pulling] client count 0

2023-04-28 21:35:07,188 INFO toNotifyTaskSize = 0

2023-04-28 21:35:07,188 INFO toClientNotifyTaskSize = 0

2023-04-28 21:35:07,188 INFO groupCount = 0, subscriberClientCount = 0, subscriberCount = 0

2023-04-28 21:35:17,126 INFO [long-pulling] client count 0

2023-04-28 21:35:17,194 INFO toNotifyTaskSize = 0

2023-04-28 21:35:17,194 INFO groupCount = 0, subscriberClientCount = 0, subscriberCount = 0

2023-04-28 21:35:17,194 INFO toClientNotifyTaskSize = 0

2023-04-28 21:35:27,126 INFO [long-pulling] client count 0

2023-04-28 21:35:27,198 INFO toNotifyTaskSize = 0

2023-04-28 21:35:27,198 INFO groupCount = 0, subscriberClientCount = 0, subscriberCount = 0

2023-04-28 21:35:27,198 INFO toClientNotifyTaskSize = 0

2023-04-28 21:35:37,132 INFO [long-pulling] client count 0

2023-04-28 21:35:37,199 INFO groupCount = 0, subscriberClientCount = 0, subscriberCount = 0

2023-04-28 21:35:37,199 INFO toNotifyTaskSize = 0

2023-04-28 21:35:37,199 INFO toClientNotifyTaskSize = 0

2023-04-28 21:35:47,138 INFO [long-pulling] client count 0

2023-04-28 21:35:47,202 INFO toNotifyTaskSize = 0

2023-04-28 21:35:47,202 INFO toClientNotifyTaskSize = 0

2023-04-28 21:35:47,202 INFO groupCount = 0, subscriberClientCount = 0, subscriberCount = 0

2023-04-28 21:35:57,142 INFO [long-pulling] client count 0

2023-04-28 21:35:57,204 INFO toNotifyTaskSize = 0

2023-04-28 21:35:57,204 INFO toClientNotifyTaskSize = 0

2023-04-28 21:35:57,205 INFO groupCount = 0, subscriberClientCount = 0, subscriberCount = 0

2023-04-28 21:36:07,148 INFO [long-pulling] client count 0

2023-04-28 21:36:07,206 INFO toNotifyTaskSize = 0

2023-04-28 21:36:07,206 INFO toClientNotifyTaskSize = 0

2023-04-28 21:36:07,206 INFO groupCount = 0, subscriberClientCount = 0, subscriberCount = 0

2023-04-28 21:36:17,153 INFO [long-pulling] client count 0

2023-04-28 21:36:17,212 INFO toNotifyTaskSize = 0

2023-04-28 21:36:17,211 INFO groupCount = 0, subscriberClientCount = 0, subscriberCount = 0

2023-04-28 21:36:17,212 INFO toClientNotifyTaskSize = 0

2023-04-28 21:36:27,159 INFO [long-pulling] client count 0

2023-04-28 21:36:27,214 INFO toNotifyTaskSize = 0

2023-04-28 21:36:27,214 INFO groupCount = 0, subscriberClientCount = 0, subscriberCount = 0

2023-04-28 21:36:27,214 INFO toClientNotifyTaskSize = 0

2023-04-28 21:36:37,163 INFO [long-pulling] client count 0

2023-04-28 21:36:37,219 INFO toNotifyTaskSize = 0

2023-04-28 21:36:37,219 INFO groupCount = 0, subscriberClientCount = 0, subscriberCount = 0

2023-04-28 21:36:37,220 INFO toClientNotifyTaskSize = 0

2023-04-28 21:36:47,169 INFO [long-pulling] client count 0

2023-04-28 21:36:47,225 INFO toNotifyTaskSize = 0

2023-04-28 21:36:47,225 INFO toClientNotifyTaskSize = 0

2023-04-28 21:36:47,225 INFO groupCount = 0, subscriberClientCount = 0, subscriberCount = 0

2023-04-28 21:36:57,172 INFO [long-pulling] client count 0

2023-04-28 21:36:57,226 INFO groupCount = 0, subscriberClientCount = 0, subscriberCount = 0

2023-04-28 21:36:57,226 INFO toNotifyTaskSize = 0

2023-04-28 21:36:57,227 INFO toClientNotifyTaskSize = 0

2023-04-28 21:37:07,177 INFO [long-pulling] client count 0

2023-04-28 21:37:07,232 INFO toNotifyTaskSize = 0

2023-04-28 21:37:07,232 INFO groupCount = 0, subscriberClientCount = 0, subscriberCount = 0

2023-04-28 21:37:07,232 INFO toClientNotifyTaskSize = 0

2023-04-28 21:37:17,181 INFO [long-pulling] client count 0

2023-04-28 21:37:17,236 INFO toNotifyTaskSize = 0

2023-04-28 21:37:17,236 INFO toClientNotifyTaskSize = 0

2023-04-28 21:37:17,236 INFO groupCount = 0, subscriberClientCount = 0, subscriberCount = 0

2023-04-28 21:37:27,186 INFO [long-pulling] client count 0

2023-04-28 21:37:27,238 INFO toNotifyTaskSize = 0

2023-04-28 21:37:27,238 INFO groupCount = 0, subscriberClientCount = 0, subscriberCount = 0

2023-04-28 21:37:27,238 INFO toClientNotifyTaskSize = 0

2023-04-28 21:37:37,192 INFO [long-pulling] client count 0

2023-04-28 21:37:37,244 INFO toNotifyTaskSize = 0

2023-04-28 21:37:37,243 INFO groupCount = 0, subscriberClientCount = 0, subscriberCount = 0

2023-04-28 21:37:37,244 INFO toClientNotifyTaskSize = 0

2023-04-28 21:37:47,198 INFO [long-pulling] client count 0

2023-04-28 21:37:47,249 INFO groupCount = 0, subscriberClientCount = 0, subscriberCount = 0

2023-04-28 21:37:47,249 INFO toNotifyTaskSize = 0

2023-04-28 21:37:47,249 INFO toClientNotifyTaskSize = 0

2023-04-28 21:37:57,203 INFO [long-pulling] client count 0

2023-04-28 21:37:57,255 INFO groupCount = 0, subscriberClientCount = 0, subscriberCount = 0

2023-04-28 21:37:57,255 INFO toNotifyTaskSize = 0

2023-04-28 21:37:57,255 INFO toClientNotifyTaskSize = 0

2023-04-28 21:38:07,209 INFO [long-pulling] client count 0

2023-04-28 21:38:07,255 INFO groupCount = 0, subscriberClientCount = 0, subscriberCount = 0

2023-04-28 21:38:07,255 INFO toNotifyTaskSize = 0

2023-04-28 21:38:07,255 INFO toClientNotifyTaskSize = 0

2023-04-28 21:38:17,215 INFO [long-pulling] client count 0

2023-04-28 21:38:17,257 INFO groupCount = 0, subscriberClientCount = 0, subscriberCount = 0

2023-04-28 21:38:17,257 INFO toNotifyTaskSize = 0

2023-04-28 21:38:17,257 INFO toClientNotifyTaskSize = 0

2023-04-28 21:38:27,220 INFO [long-pulling] client count 0

2023-04-28 21:38:27,259 INFO toNotifyTaskSize = 0

2023-04-28 21:38:27,259 INFO groupCount = 0, subscriberClientCount = 0, subscriberCount = 0

2023-04-28 21:38:27,260 INFO toClientNotifyTaskSize = 0

2023-04-28 21:38:37,222 INFO [long-pulling] client count 0

2023-04-28 21:38:37,263 INFO toNotifyTaskSize = 0

2023-04-28 21:38:37,263 INFO groupCount = 0, subscriberClientCount = 0, subscriberCount = 0

2023-04-28 21:38:37,263 INFO toClientNotifyTaskSize = 0

2023-04-28 21:38:47,226 INFO [long-pulling] client count 0

2023-04-28 21:38:47,265 INFO groupCount = 0, subscriberClientCount = 0, subscriberCount = 0

2023-04-28 21:38:47,265 INFO toNotifyTaskSize = 0

2023-04-28 21:38:47,265 INFO toClientNotifyTaskSize = 0

2023-04-28 21:38:57,231 INFO [long-pulling] client count 0

2023-04-28 21:38:57,270 INFO groupCount = 0, subscriberClientCount = 0, subscriberCount = 0

2023-04-28 21:38:57,270 INFO toNotifyTaskSize = 0

2023-04-28 21:38:57,270 INFO toClientNotifyTaskSize = 0

2023-04-28 21:39:07,235 INFO [long-pulling] client count 0

2023-04-28 21:39:07,271 INFO toNotifyTaskSize = 0

2023-04-28 21:39:07,271 INFO groupCount = 0, subscriberClientCount = 0, subscriberCount = 0

2023-04-28 21:39:07,272 INFO toClientNotifyTaskSize = 0

2023-04-28 21:39:17,236 INFO [long-pulling] client count 0

2023-04-28 21:39:17,273 INFO groupCount = 0, subscriberClientCount = 0, subscriberCount = 0

2023-04-28 21:39:17,273 INFO toNotifyTaskSize = 0

2023-04-28 21:39:17,273 INFO toClientNotifyTaskSize = 0

2023-04-28 21:39:27,237 INFO [long-pulling] client count 0

2023-04-28 21:39:27,276 INFO groupCount = 0, subscriberClientCount = 0, subscriberCount = 0

2023-04-28 21:39:27,276 INFO toNotifyTaskSize = 0

2023-04-28 21:39:27,276 INFO toClientNotifyTaskSize = 0

2023-04-28 21:39:37,239 INFO [long-pulling] client count 0

2023-04-28 21:39:37,278 INFO groupCount = 0, subscriberClientCount = 0, subscriberCount = 0

2023-04-28 21:39:37,278 INFO toNotifyTaskSize = 0

2023-04-28 21:39:37,279 INFO toClientNotifyTaskSize = 0

2023-04-28 21:39:47,244 INFO [long-pulling] client count 0

2023-04-28 21:39:47,284 INFO groupCount = 0, subscriberClientCount = 0, subscriberCount = 0

2023-04-28 21:39:47,284 INFO toNotifyTaskSize = 0

2023-04-28 21:39:47,284 INFO toClientNotifyTaskSize = 0

2023-04-28 21:39:57,249 INFO [long-pulling] client count 0

2023-04-28 21:39:57,288 INFO toNotifyTaskSize = 0

2023-04-28 21:39:57,289 INFO toClientNotifyTaskSize = 0

2023-04-28 21:39:57,288 INFO groupCount = 0, subscriberClientCount = 0, subscriberCount = 0

2023-04-28 21:40:07,253 INFO [long-pulling] client count 0

2023-04-28 21:40:07,291 INFO groupCount = 0, subscriberClientCount = 0, subscriberCount = 0

2023-04-28 21:40:07,291 INFO toNotifyTaskSize = 0

2023-04-28 21:40:07,291 INFO toClientNotifyTaskSize = 0

2023-04-28 21:40:17,254 INFO [long-pulling] client count 0

2023-04-28 21:40:17,292 INFO groupCount = 0, subscriberClientCount = 0, subscriberCount = 0

2023-04-28 21:40:17,292 INFO toNotifyTaskSize = 0

2023-04-28 21:40:17,292 INFO toClientNotifyTaskSize = 0

2023-04-28 21:40:27,258 INFO [long-pulling] client count 0

2023-04-28 21:40:27,296 INFO groupCount = 0, subscriberClientCount = 0, subscriberCount = 0

2023-04-28 21:40:27,296 INFO toNotifyTaskSize = 0

2023-04-28 21:40:27,296 INFO toClientNotifyTaskSize = 0

2023-04-28 21:40:37,261 INFO [long-pulling] client count 0

2023-04-28 21:40:37,296 INFO toNotifyTaskSize = 0

2023-04-28 21:40:37,296 INFO toClientNotifyTaskSize = 0

2023-04-28 21:40:37,296 INFO groupCount = 0, subscriberClientCount = 0, subscriberCount = 0

2023-04-28 21:40:47,266 INFO [long-pulling] client count 0

2023-04-28 21:40:47,297 INFO toNotifyTaskSize = 0

2023-04-28 21:40:47,297 INFO toClientNotifyTaskSize = 0

2023-04-28 21:40:47,297 INFO groupCount = 0, subscriberClientCount = 0, subscriberCount = 0

2023-04-28 21:40:57,270 INFO [long-pulling] client count 0

2023-04-28 21:40:57,299 INFO toNotifyTaskSize = 0

2023-04-28 21:40:57,299 INFO toClientNotifyTaskSize = 0

2023-04-28 21:40:57,299 INFO groupCount = 0, subscriberClientCount = 0, subscriberCount = 0

2023-04-28 21:41:07,275 INFO [long-pulling] client count 0

2023-04-28 21:41:07,300 INFO toNotifyTaskSize = 0

2023-04-28 21:41:07,300 INFO toClientNotifyTaskSize = 0

2023-04-28 21:41:07,300 INFO groupCount = 0, subscriberClientCount = 0, subscriberCount = 0

2023-04-28 21:41:17,278 INFO [long-pulling] client count 0

2023-04-28 21:41:17,304 INFO toNotifyTaskSize = 0

2023-04-28 21:41:17,304 INFO groupCount = 0, subscriberClientCount = 0, subscriberCount = 0

2023-04-28 21:41:17,304 INFO toClientNotifyTaskSize = 0

2023-04-28 21:41:27,280 INFO [long-pulling] client count 0

2023-04-28 21:41:27,312 INFO groupCount = 0, subscriberClientCount = 0, subscriberCount = 0

2023-04-28 21:41:27,313 INFO toNotifyTaskSize = 0

2023-04-28 21:41:27,313 INFO toClientNotifyTaskSize = 0

2023-04-28 21:41:37,283 INFO [long-pulling] client count 0

2023-04-28 21:41:37,316 INFO toNotifyTaskSize = 0

2023-04-28 21:41:37,316 INFO groupCount = 0, subscriberClientCount = 0, subscriberCount = 0

2023-04-28 21:41:37,317 INFO toClientNotifyTaskSize = 0

2023-04-28 21:48:09,477 INFO [long-pulling] client count 0

2023-04-28 21:48:19,487 INFO [long-pulling] client count 0

2023-04-28 21:48:19,568 INFO toNotifyTaskSize = 0

2023-04-28 21:48:19,569 INFO toClientNotifyTaskSize = 0

2023-04-28 21:48:19,572 INFO groupCount = 0, subscriberClientCount = 0, subscriberCount = 0

2023-04-28 21:48:29,493 INFO [long-pulling] client count 0

2023-04-28 21:48:29,571 INFO toNotifyTaskSize = 0

2023-04-28 21:48:29,571 INFO toClientNotifyTaskSize = 0

2023-04-28 21:48:29,573 INFO groupCount = 0, subscriberClientCount = 0, subscriberCount = 0

2023-04-28 21:48:39,496 INFO [long-pulling] client count 0

2023-04-28 21:48:39,576 INFO groupCount = 0, subscriberClientCount = 0, subscriberCount = 0

2023-04-28 21:48:39,576 INFO toNotifyTaskSize = 0

2023-04-28 21:48:39,576 INFO toClientNotifyTaskSize = 0

2023-04-28 21:48:49,502 INFO [long-pulling] client count 0

2023-04-28 21:48:49,581 INFO groupCount = 0, subscriberClientCount = 0, subscriberCount = 0

2023-04-28 21:48:49,581 INFO toNotifyTaskSize = 0

2023-04-28 21:48:49,581 INFO toClientNotifyTaskSize = 0

2023-04-28 21:48:59,504 INFO [long-pulling] client count 0

2023-04-28 21:48:59,585 INFO groupCount = 0, subscriberClientCount = 0, subscriberCount = 0

2023-04-28 21:48:59,585 INFO toNotifyTaskSize = 0

2023-04-28 21:48:59,585 INFO toClientNotifyTaskSize = 0

2023-04-28 21:49:09,508 INFO [long-pulling] client count 0

2023-04-28 21:49:09,587 INFO groupCount = 0, subscriberClientCount = 0, subscriberCount = 0

2023-04-28 21:49:09,587 INFO toNotifyTaskSize = 0

2023-04-28 21:49:09,587 INFO toClientNotifyTaskSize = 0

2023-04-28 21:49:19,513 INFO [long-pulling] client count 0

2023-04-28 21:49:19,591 INFO toNotifyTaskSize = 0

2023-04-28 21:49:19,591 INFO toClientNotifyTaskSize = 0

2023-04-28 21:49:19,591 INFO groupCount = 0, subscriberClientCount = 0, subscriberCount = 0

2023-04-28 21:49:29,519 INFO [long-pulling] client count 0

2023-04-28 21:49:29,595 INFO toNotifyTaskSize = 0

2023-04-28 21:49:29,595 INFO groupCount = 0, subscriberClientCount = 0, subscriberCount = 0

2023-04-28 21:49:29,595 INFO toClientNotifyTaskSize = 0

2023-04-28 21:49:39,525 INFO [long-pulling] client count 0

2023-04-28 21:49:39,598 INFO groupCount = 0, subscriberClientCount = 0, subscriberCount = 0

2023-04-28 21:49:39,598 INFO toNotifyTaskSize = 0

2023-04-28 21:49:39,598 INFO toClientNotifyTaskSize = 0

2023-04-28 21:49:49,530 INFO [long-pulling] client count 0

2023-04-28 21:49:49,600 INFO groupCount = 0, subscriberClientCount = 0, subscriberCount = 0

2023-04-28 21:49:49,601 INFO toNotifyTaskSize = 0

2023-04-28 21:49:49,601 INFO toClientNotifyTaskSize = 0

2023-04-28 21:49:59,532 INFO [long-pulling] client count 0

2023-04-28 21:49:59,606 INFO toNotifyTaskSize = 0

2023-04-28 21:49:59,606 INFO toClientNotifyTaskSize = 0

2023-04-28 21:49:59,606 INFO groupCount = 0, subscriberClientCount = 0, subscriberCount = 0

2023-04-28 21:50:09,534 INFO [long-pulling] client count 0

2023-04-28 21:50:09,611 INFO toNotifyTaskSize = 0

2023-04-28 21:50:09,611 INFO groupCount = 0, subscriberClientCount = 0, subscriberCount = 0

2023-04-28 21:50:09,611 INFO toClientNotifyTaskSize = 0

2023-04-28 21:50:19,536 INFO [long-pulling] client count 0

2023-04-28 21:50:19,616 INFO toNotifyTaskSize = 0

2023-04-28 21:50:19,616 INFO toClientNotifyTaskSize = 0

2023-04-28 21:50:19,616 INFO groupCount = 0, subscriberClientCount = 0, subscriberCount = 0

2023-04-28 21:50:29,542 INFO [long-pulling] client count 0

2023-04-28 21:50:29,620 INFO toNotifyTaskSize = 0

2023-04-28 21:50:29,620 INFO toClientNotifyTaskSize = 0

2023-04-28 21:50:29,620 INFO groupCount = 0, subscriberClientCount = 0, subscriberCount = 0

2023-04-28 21:50:39,547 INFO [long-pulling] client count 0

2023-04-28 21:50:39,624 INFO toNotifyTaskSize = 0

2023-04-28 21:50:39,624 INFO toClientNotifyTaskSize = 0

2023-04-28 21:50:39,624 INFO groupCount = 0, subscriberClientCount = 0, subscriberCount = 0

2023-04-28 21:50:49,553 INFO [long-pulling] client count 0

2023-04-28 21:50:49,626 INFO toNotifyTaskSize = 0

2023-04-28 21:50:49,626 INFO toClientNotifyTaskSize = 0

2023-04-28 21:50:49,626 INFO groupCount = 0, subscriberClientCount = 0, subscriberCount = 0

2023-04-28 21:50:59,557 INFO [long-pulling] client count 0

2023-04-28 21:50:59,627 INFO groupCount = 0, subscriberClientCount = 0, subscriberCount = 0

2023-04-28 21:50:59,627 INFO toNotifyTaskSize = 0

2023-04-28 21:50:59,628 INFO toClientNotifyTaskSize = 0

2023-04-28 21:51:18,738 INFO [long-pulling] client count 0

2023-04-28 21:51:28,754 INFO [long-pulling] client count 0

2023-04-28 21:51:28,844 INFO toNotifyTaskSize = 0

2023-04-28 21:51:28,844 INFO toClientNotifyTaskSize = 0

2023-04-28 21:51:28,846 INFO groupCount = 0, subscriberClientCount = 0, subscriberCount = 0

2023-04-28 21:51:38,759 INFO [long-pulling] client count 0

2023-04-28 21:51:38,850 INFO toNotifyTaskSize = 0

2023-04-28 21:51:38,850 INFO groupCount = 0, subscriberClientCount = 0, subscriberCount = 0

2023-04-28 21:51:38,850 INFO toClientNotifyTaskSize = 0

2023-04-28 21:51:48,765 INFO [long-pulling] client count 0

2023-04-28 21:51:48,855 INFO toNotifyTaskSize = 0

2023-04-28 21:51:48,856 INFO toClientNotifyTaskSize = 0

2023-04-28 21:51:48,855 INFO groupCount = 0, subscriberClientCount = 0, subscriberCount = 0

2023-04-28 21:51:58,768 INFO [long-pulling] client count 0

2023-04-28 21:51:58,858 INFO toNotifyTaskSize = 0

2023-04-28 21:51:58,858 INFO toClientNotifyTaskSize = 0

2023-04-28 21:51:58,858 INFO groupCount = 0, subscriberClientCount = 0, subscriberCount = 0

2023-04-28 21:52:08,774 INFO [long-pulling] client count 0

2023-04-28 21:52:08,860 INFO toNotifyTaskSize = 0

2023-04-28 21:52:08,860 INFO toClientNotifyTaskSize = 0

2023-04-28 21:52:08,860 INFO groupCount = 0, subscriberClientCount = 0, subscriberCount = 0

2023-04-28 21:52:18,777 INFO [long-pulling] client count 0

2023-04-28 21:52:18,865 INFO toNotifyTaskSize = 0

2023-04-28 21:52:18,865 INFO groupCount = 0, subscriberClientCount = 0, subscriberCount = 0

2023-04-28 21:52:18,866 INFO toClientNotifyTaskSize = 0

2023-04-28 21:52:28,780 INFO [long-pulling] client count 0

2023-04-28 21:52:28,867 INFO groupCount = 0, subscriberClientCount = 0, subscriberCount = 0

2023-04-28 21:52:28,867 INFO toNotifyTaskSize = 0

2023-04-28 21:52:28,867 INFO toClientNotifyTaskSize = 0

2023-04-28 21:52:38,784 INFO [long-pulling] client count 0

2023-04-28 21:52:38,873 INFO toNotifyTaskSize = 0

2023-04-28 21:52:38,873 INFO toClientNotifyTaskSize = 0

2023-04-28 21:52:38,873 INFO groupCount = 0, subscriberClientCount = 0, subscriberCount = 0

2023-04-28 21:52:48,790 INFO [long-pulling] client count 0

2023-04-28 21:52:48,875 INFO toNotifyTaskSize = 0

2023-04-28 21:52:48,875 INFO groupCount = 0, subscriberClientCount = 0, subscriberCount = 0

2023-04-28 21:52:48,875 INFO toClientNotifyTaskSize = 0

2023-04-28 21:52:58,795 INFO [long-pulling] client count 0

2023-04-28 21:52:58,877 INFO toNotifyTaskSize = 0

2023-04-28 21:52:58,877 INFO groupCount = 0, subscriberClientCount = 0, subscriberCount = 0

2023-04-28 21:52:58,877 INFO toClientNotifyTaskSize = 0

2023-04-28 21:53:08,800 INFO [long-pulling] client count 0

2023-04-28 21:53:08,882 INFO groupCount = 0, subscriberClientCount = 0, subscriberCount = 0

2023-04-28 21:53:08,882 INFO toNotifyTaskSize = 0

2023-04-28 21:53:08,883 INFO toClientNotifyTaskSize = 0

2023-04-28 21:53:18,801 INFO [long-pulling] client count 0

2023-04-28 21:53:18,886 INFO groupCount = 0, subscriberClientCount = 0, subscriberCount = 0

2023-04-28 21:53:18,887 INFO toNotifyTaskSize = 0

2023-04-28 21:53:18,887 INFO toClientNotifyTaskSize = 0

2023-04-28 21:53:28,807 INFO [long-pulling] client count 0

2023-04-28 21:53:28,888 INFO groupCount = 0, subscriberClientCount = 0, subscriberCount = 0

2023-04-28 21:53:28,889 INFO toNotifyTaskSize = 0

2023-04-28 21:53:28,889 INFO toClientNotifyTaskSize = 0

2023-04-28 21:53:38,812 INFO [long-pulling] client count 0

2023-04-28 21:53:38,891 INFO groupCount = 0, subscriberClientCount = 0, subscriberCount = 0

2023-04-28 21:53:38,891 INFO toNotifyTaskSize = 0

2023-04-28 21:53:38,891 INFO toClientNotifyTaskSize = 0

2023-04-28 21:53:48,817 INFO [long-pulling] client count 0

2023-04-28 21:53:48,896 INFO toNotifyTaskSize = 0

2023-04-28 21:53:48,896 INFO toClientNotifyTaskSize = 0

2023-04-28 21:53:48,896 INFO groupCount = 0, subscriberClientCount = 0, subscriberCount = 0

2023-04-28 21:53:58,818 INFO [long-pulling] client count 0

2023-04-28 21:53:58,901 INFO toNotifyTaskSize = 0

2023-04-28 21:53:58,901 INFO groupCount = 0, subscriberClientCount = 0, subscriberCount = 0

2023-04-28 21:53:58,902 INFO toClientNotifyTaskSize = 0

2023-04-28 21:54:08,824 INFO [long-pulling] client count 0

2023-04-28 21:54:08,907 INFO groupCount = 0, subscriberClientCount = 0, subscriberCount = 0

2023-04-28 21:54:08,907 INFO toNotifyTaskSize = 0

2023-04-28 21:54:08,908 INFO toClientNotifyTaskSize = 0

2023-04-28 21:54:18,827 INFO [long-pulling] client count 0

2023-04-28 21:54:18,912 INFO toNotifyTaskSize = 0

2023-04-28 21:54:18,912 INFO groupCount = 0, subscriberClientCount = 0, subscriberCount = 0

2023-04-28 21:54:18,912 INFO toClientNotifyTaskSize = 0

2023-04-28 21:54:28,832 INFO [long-pulling] client count 0

2023-04-28 21:54:28,913 INFO groupCount = 0, subscriberClientCount = 0, subscriberCount = 0

2023-04-28 21:54:28,913 INFO toNotifyTaskSize = 0

2023-04-28 21:54:28,913 INFO toClientNotifyTaskSize = 0

2023-04-28 21:54:38,835 INFO [long-pulling] client count 0

2023-04-28 21:54:38,914 INFO groupCount = 0, subscriberClientCount = 0, subscriberCount = 0

2023-04-28 21:54:38,915 INFO toNotifyTaskSize = 0

2023-04-28 21:54:38,915 INFO toClientNotifyTaskSize = 0

2023-04-28 21:54:48,837 INFO [long-pulling] client count 0

2023-04-28 21:54:48,920 INFO toNotifyTaskSize = 0

2023-04-28 21:54:48,920 INFO groupCount = 0, subscriberClientCount = 0, subscriberCount = 0

2023-04-28 21:54:48,920 INFO toClientNotifyTaskSize = 0

2023-04-28 21:54:58,841 INFO [long-pulling] client count 0

2023-04-28 21:54:58,924 INFO toNotifyTaskSize = 0

2023-04-28 21:54:58,924 INFO groupCount = 0, subscriberClientCount = 0, subscriberCount = 0

2023-04-28 21:54:58,925 INFO toClientNotifyTaskSize = 0

2023-04-28 21:55:08,846 INFO [long-pulling] client count 0

2023-04-28 21:55:08,929 INFO groupCount = 0, subscriberClientCount = 0, subscriberCount = 0

2023-04-28 21:55:08,929 INFO toNotifyTaskSize = 0

2023-04-28 21:55:08,929 INFO toClientNotifyTaskSize = 0

2023-04-28 21:55:18,852 INFO [long-pulling] client count 0

2023-04-28 21:55:18,930 INFO groupCount = 0, subscriberClientCount = 0, subscriberCount = 0

2023-04-28 21:55:18,930 INFO toNotifyTaskSize = 0

2023-04-28 21:55:18,930 INFO toClientNotifyTaskSize = 0

2023-04-28 21:55:28,855 INFO [long-pulling] client count 0

2023-04-28 21:55:28,931 INFO groupCount = 0, subscriberClientCount = 0, subscriberCount = 0

2023-04-28 21:55:28,931 INFO toNotifyTaskSize = 0

2023-04-28 21:55:28,931 INFO toClientNotifyTaskSize = 0

2023-04-28 21:55:38,857 INFO [long-pulling] client count 0

2023-04-28 21:55:38,934 INFO toNotifyTaskSize = 0

2023-04-28 21:55:38,934 INFO toClientNotifyTaskSize = 0

2023-04-28 21:55:38,934 INFO groupCount = 0, subscriberClientCount = 0, subscriberCount = 0

2023-04-28 21:55:48,860 INFO [long-pulling] client count 0

2023-04-28 21:55:48,938 INFO groupCount = 0, subscriberClientCount = 0, subscriberCount = 0

2023-04-28 21:55:48,938 INFO toNotifyTaskSize = 0

2023-04-28 21:55:48,938 INFO toClientNotifyTaskSize = 0

2023-04-28 21:55:58,865 INFO [long-pulling] client count 0

2023-04-28 21:55:58,939 INFO toNotifyTaskSize = 0

2023-04-28 21:55:58,939 INFO toClientNotifyTaskSize = 0

2023-04-28 21:55:58,939 INFO groupCount = 0, subscriberClientCount = 0, subscriberCount = 0

2023-04-28 21:56:08,867 INFO [long-pulling] client count 0

2023-04-28 21:56:08,944 INFO toNotifyTaskSize = 0

2023-04-28 21:56:08,944 INFO toClientNotifyTaskSize = 0

2023-04-28 21:56:08,944 INFO groupCount = 0, subscriberClientCount = 0, subscriberCount = 0

2023-04-28 21:56:18,872 INFO [long-pulling] client count 0

2023-04-28 21:56:18,946 INFO groupCount = 0, subscriberClientCount = 0, subscriberCount = 0

2023-04-28 21:56:18,946 INFO toNotifyTaskSize = 0

2023-04-28 21:56:18,946 INFO toClientNotifyTaskSize = 0

2023-04-28 21:56:28,878 INFO [long-pulling] client count 0

2023-04-28 21:56:28,951 INFO toNotifyTaskSize = 0

2023-04-28 21:56:28,951 INFO groupCount = 0, subscriberClientCount = 0, subscriberCount = 0

2023-04-28 21:56:28,952 INFO toClientNotifyTaskSize = 0

2023-04-28 21:56:38,882 INFO [long-pulling] client count 0

2023-04-28 21:56:38,956 INFO groupCount = 0, subscriberClientCount = 0, subscriberCount = 0

2023-04-28 21:56:38,956 INFO toNotifyTaskSize = 0

2023-04-28 21:56:38,956 INFO toClientNotifyTaskSize = 0

2023-04-28 21:56:48,887 INFO [long-pulling] client count 0

2023-04-28 21:56:48,957 INFO toNotifyTaskSize = 0

2023-04-28 21:56:48,957 INFO toClientNotifyTaskSize = 0

2023-04-28 21:56:48,957 INFO groupCount = 0, subscriberClientCount = 0, subscriberCount = 0

2023-04-28 21:56:58,890 INFO [long-pulling] client count 0

2023-04-28 21:56:58,962 INFO toNotifyTaskSize = 0

2023-04-28 21:56:58,962 INFO groupCount = 0, subscriberClientCount = 0, subscriberCount = 0

2023-04-28 21:56:58,963 INFO toClientNotifyTaskSize = 0

2023-04-28 21:57:08,895 INFO [long-pulling] client count 0

2023-04-28 21:57:08,968 INFO groupCount = 0, subscriberClientCount = 0, subscriberCount = 0

2023-04-28 21:57:08,968 INFO toNotifyTaskSize = 0

2023-04-28 21:57:08,968 INFO toClientNotifyTaskSize = 0

2023-04-28 21:57:18,902 INFO [long-pulling] client count 0

2023-04-28 21:57:18,970 INFO groupCount = 0, subscriberClientCount = 0, subscriberCount = 0

2023-04-28 21:57:18,970 INFO toNotifyTaskSize = 0

2023-04-28 21:57:18,970 INFO toClientNotifyTaskSize = 0

2023-04-28 21:57:28,906 INFO [long-pulling] client count 0

2023-04-28 21:57:28,973 INFO groupCount = 0, subscriberClientCount = 0, subscriberCount = 0

2023-04-28 21:57:28,973 INFO toNotifyTaskSize = 0

2023-04-28 21:57:28,973 INFO toClientNotifyTaskSize = 0

2023-04-28 21:57:38,907 INFO [long-pulling] client count 0

2023-04-28 21:57:38,974 INFO toNotifyTaskSize = 0

2023-04-28 21:57:38,974 INFO toClientNotifyTaskSize = 0

2023-04-28 21:57:38,974 INFO groupCount = 0, subscriberClientCount = 0, subscriberCount = 0

2023-04-28 21:57:48,909 INFO [long-pulling] client count 0

2023-04-28 21:57:48,976 INFO groupCount = 0, subscriberClientCount = 0, subscriberCount = 0

2023-04-28 21:57:48,976 INFO toNotifyTaskSize = 0

2023-04-28 21:57:48,976 INFO toClientNotifyTaskSize = 0

2023-04-28 21:57:58,914 INFO [long-pulling] client count 0

2023-04-28 21:57:58,979 INFO toNotifyTaskSize = 0

2023-04-28 21:57:58,979 INFO groupCount = 0, subscriberClientCount = 0, subscriberCount = 0

2023-04-28 21:57:58,979 INFO toClientNotifyTaskSize = 0

2023-04-28 21:58:08,915 INFO [long-pulling] client count 0

2023-04-28 21:58:08,982 INFO groupCount = 0, subscriberClientCount = 0, subscriberCount = 0

2023-04-28 21:58:08,983 INFO toNotifyTaskSize = 0

2023-04-28 21:58:08,983 INFO toClientNotifyTaskSize = 0

2023-04-28 21:58:18,920 INFO [long-pulling] client count 0

2023-04-28 21:58:18,985 INFO groupCount = 0, subscriberClientCount = 0, subscriberCount = 0

2023-04-28 21:58:18,985 INFO toNotifyTaskSize = 0

2023-04-28 21:58:18,985 INFO toClientNotifyTaskSize = 0

2023-04-28 21:58:28,922 INFO [long-pulling] client count 0

2023-04-28 21:58:28,990 INFO groupCount = 0, subscriberClientCount = 0, subscriberCount = 0

2023-04-28 21:58:28,990 INFO toNotifyTaskSize = 0

2023-04-28 21:58:28,992 INFO toClientNotifyTaskSize = 0

2023-04-28 21:58:38,924 INFO [long-pulling] client count 0

2023-04-28 21:58:38,997 INFO toNotifyTaskSize = 0

2023-04-28 21:58:38,997 INFO groupCount = 0, subscriberClientCount = 0, subscriberCount = 0

2023-04-28 21:58:38,997 INFO toClientNotifyTaskSize = 0

2023-04-28 21:58:48,928 INFO [long-pulling] client count 0

2023-04-28 21:58:49,001 INFO groupCount = 0, subscriberClientCount = 0, subscriberCount = 0

2023-04-28 21:58:49,001 INFO toNotifyTaskSize = 0

2023-04-28 21:58:49,001 INFO toClientNotifyTaskSize = 0

2023-04-28 21:58:58,932 INFO [long-pulling] client count 0

2023-04-28 21:58:59,007 INFO toNotifyTaskSize = 0

2023-04-28 21:58:59,007 INFO toClientNotifyTaskSize = 0

2023-04-28 21:58:59,007 INFO groupCount = 0, subscriberClientCount = 0, subscriberCount = 0

2023-04-28 21:59:08,935 INFO [long-pulling] client count 0

2023-04-28 21:59:09,010 INFO toNotifyTaskSize = 0

2023-04-28 21:59:09,011 INFO toClientNotifyTaskSize = 0

2023-04-28 21:59:09,011 INFO groupCount = 0, subscriberClientCount = 0, subscriberCount = 0

2023-04-28 21:59:18,941 INFO [long-pulling] client count 0

2023-04-28 21:59:19,016 INFO toNotifyTaskSize = 0

2023-04-28 21:59:19,016 INFO groupCount = 0, subscriberClientCount = 0, subscriberCount = 0

2023-04-28 21:59:19,016 INFO toClientNotifyTaskSize = 0

2023-04-28 21:59:28,946 INFO [long-pulling] client count 0

2023-04-28 21:59:29,017 INFO groupCount = 0, subscriberClientCount = 0, subscriberCount = 0

2023-04-28 21:59:29,017 INFO toNotifyTaskSize = 0

2023-04-28 21:59:29,017 INFO toClientNotifyTaskSize = 0

2023-04-28 21:59:38,951 INFO [long-pulling] client count 0

2023-04-28 21:59:39,018 INFO toNotifyTaskSize = 0

2023-04-28 21:59:39,018 INFO toClientNotifyTaskSize = 0

2023-04-28 21:59:39,018 INFO groupCount = 0, subscriberClientCount = 0, subscriberCount = 0

2023-04-28 21:59:48,957 INFO [long-pulling] client count 0

2023-04-28 21:59:49,019 INFO groupCount = 0, subscriberClientCount = 0, subscriberCount = 0

2023-04-28 21:59:49,019 INFO toNotifyTaskSize = 0

2023-04-28 21:59:49,019 INFO toClientNotifyTaskSize = 0

2023-04-28 21:59:58,962 INFO [long-pulling] client count 0

2023-04-28 21:59:59,024 INFO groupCount = 0, subscriberClientCount = 0, subscriberCount = 0

2023-04-28 21:59:59,024 INFO toNotifyTaskSize = 0

2023-04-28 21:59:59,025 INFO toClientNotifyTaskSize = 0

2023-04-28 22:00:08,968 INFO [long-pulling] client count 0

2023-04-28 22:00:09,026 INFO groupCount = 0, subscriberClientCount = 0, subscriberCount = 0

2023-04-28 22:00:09,026 INFO toNotifyTaskSize = 0

2023-04-28 22:00:09,026 INFO toClientNotifyTaskSize = 0

2023-04-28 22:00:18,974 INFO [long-pulling] client count 0

2023-04-28 22:00:19,031 INFO toNotifyTaskSize = 0

2023-04-28 22:00:19,032 INFO toClientNotifyTaskSize = 0

2023-04-28 22:00:19,031 INFO groupCount = 0, subscriberClientCount = 0, subscriberCount = 0

2023-04-28 22:00:28,980 INFO [long-pulling] client count 0

2023-04-28 22:00:29,033 INFO toNotifyTaskSize = 0

2023-04-28 22:00:29,034 INFO toClientNotifyTaskSize = 0

2023-04-28 22:00:29,034 INFO groupCount = 0, subscriberClientCount = 0, subscriberCount = 0

2023-04-28 22:00:38,985 INFO [long-pulling] client count 0

2023-04-28 22:00:39,039 INFO toNotifyTaskSize = 0

2023-04-28 22:00:39,039 INFO toClientNotifyTaskSize = 0

2023-04-28 22:00:39,039 INFO groupCount = 0, subscriberClientCount = 0, subscriberCount = 0

2023-04-28 22:00:48,990 INFO [long-pulling] client count 0

2023-04-28 22:00:49,044 INFO toNotifyTaskSize = 0

2023-04-28 22:00:49,044 INFO groupCount = 0, subscriberClientCount = 0, subscriberCount = 0

2023-04-28 22:00:49,045 INFO toClientNotifyTaskSize = 0

2023-04-28 22:00:58,992 INFO [long-pulling] client count 0

2023-04-28 22:00:59,047 INFO toNotifyTaskSize = 0

2023-04-28 22:00:59,047 INFO toClientNotifyTaskSize = 0

2023-04-28 22:00:59,047 INFO groupCount = 0, subscriberClientCount = 0, subscriberCount = 0

2023-04-28 22:01:08,992 INFO [long-pulling] client count 0

2023-04-28 22:01:09,052 INFO toNotifyTaskSize = 0

2023-04-28 22:01:09,052 INFO toClientNotifyTaskSize = 0

2023-04-28 22:01:09,052 INFO groupCount = 0, subscriberClientCount = 0, subscriberCount = 0

2023-04-28 22:01:18,997 INFO [long-pulling] client count 0

2023-04-28 22:01:19,057 INFO toNotifyTaskSize = 0

2023-04-28 22:01:19,057 INFO toClientNotifyTaskSize = 0

2023-04-28 22:01:19,057 INFO groupCount = 0, subscriberClientCount = 0, subscriberCount = 0

2023-04-28 22:01:29,003 INFO [long-pulling] client count 0

2023-04-28 22:01:29,058 INFO toNotifyTaskSize = 0

2023-04-28 22:01:29,058 INFO groupCount = 0, subscriberClientCount = 0, subscriberCount = 0

2023-04-28 22:01:29,059 INFO toClientNotifyTaskSize = 0

2023-04-28 22:01:39,005 INFO [long-pulling] client count 0

2023-04-28 22:01:39,064 INFO toNotifyTaskSize = 0

2023-04-28 22:01:39,064 INFO toClientNotifyTaskSize = 0

2023-04-28 22:01:39,064 INFO groupCount = 0, subscriberClientCount = 0, subscriberCount = 0

2023-04-28 22:01:49,011 INFO [long-pulling] client count 0

2023-04-28 22:01:49,066 INFO toNotifyTaskSize = 0

2023-04-28 22:01:49,066 INFO toClientNotifyTaskSize = 0

2023-04-28 22:01:49,066 INFO groupCount = 0, subscriberClientCount = 0, subscriberCount = 0

2023-04-28 22:01:59,015 INFO [long-pulling] client count 0

2023-04-28 22:01:59,072 INFO toNotifyTaskSize = 0

2023-04-28 22:01:59,072 INFO toClientNotifyTaskSize = 0

2023-04-28 22:01:59,072 INFO groupCount = 0, subscriberClientCount = 0, subscriberCount = 0

2023-04-28 22:02:09,021 INFO [long-pulling] client count 0

2023-04-28 22:02:09,073 INFO groupCount = 0, subscriberClientCount = 0, subscriberCount = 0

2023-04-28 22:02:09,073 INFO toNotifyTaskSize = 0

2023-04-28 22:02:09,073 INFO toClientNotifyTaskSize = 0

2023-04-28 22:02:19,022 INFO [long-pulling] client count 0

2023-04-28 22:02:19,075 INFO toNotifyTaskSize = 0

2023-04-28 22:02:19,075 INFO toClientNotifyTaskSize = 0

2023-04-28 22:02:19,075 INFO groupCount = 0, subscriberClientCount = 0, subscriberCount = 0

2023-04-28 22:02:29,027 INFO [long-pulling] client count 0

2023-04-28 22:02:29,078 INFO toNotifyTaskSize = 0

2023-04-28 22:02:29,078 INFO toClientNotifyTaskSize = 0

2023-04-28 22:02:29,078 INFO groupCount = 0, subscriberClientCount = 0, subscriberCount = 0

2023-04-28 22:02:39,030 INFO [long-pulling] client count 0

2023-04-28 22:02:39,083 INFO toNotifyTaskSize = 0

2023-04-28 22:02:39,083 INFO groupCount = 0, subscriberClientCount = 0, subscriberCount = 0

2023-04-28 22:02:39,083 INFO toClientNotifyTaskSize = 0

2023-04-28 22:02:49,034 INFO [long-pulling] client count 0

2023-04-28 22:02:49,086 INFO groupCount = 0, subscriberClientCount = 0, subscriberCount = 0

2023-04-28 22:02:49,086 INFO toNotifyTaskSize = 0

2023-04-28 22:02:49,086 INFO toClientNotifyTaskSize = 0

2023-04-28 22:02:59,038 INFO [long-pulling] client count 0

2023-04-28 22:02:59,090 INFO toNotifyTaskSize = 0

2023-04-28 22:02:59,090 INFO toClientNotifyTaskSize = 0

2023-04-28 22:02:59,090 INFO groupCount = 0, subscriberClientCount = 0, subscriberCount = 0

2023-04-28 22:03:09,044 INFO [long-pulling] client count 0

2023-04-28 22:03:09,094 INFO toNotifyTaskSize = 0

2023-04-28 22:03:09,095 INFO toClientNotifyTaskSize = 0

2023-04-28 22:03:09,095 INFO groupCount = 0, subscriberClientCount = 0, subscriberCount = 0

2023-04-28 22:03:19,048 INFO [long-pulling] client count 0

2023-04-28 22:03:19,096 INFO toNotifyTaskSize = 0

2023-04-28 22:03:19,096 INFO toClientNotifyTaskSize = 0

2023-04-28 22:03:19,097 INFO groupCount = 0, subscriberClientCount = 0, subscriberCount = 0

2023-04-28 22:03:29,053 INFO [long-pulling] client count 0

2023-04-28 22:03:29,102 INFO toNotifyTaskSize = 0

2023-04-28 22:03:29,102 INFO toClientNotifyTaskSize = 0

2023-04-28 22:03:29,102 INFO groupCount = 0, subscriberClientCount = 0, subscriberCount = 0

2023-04-28 22:03:39,056 INFO [long-pulling] client count 0

2023-04-28 22:03:39,104 INFO toNotifyTaskSize = 0

2023-04-28 22:03:39,104 INFO toClientNotifyTaskSize = 0

2023-04-28 22:03:39,104 INFO groupCount = 0, subscriberClientCount = 0, subscriberCount = 0

2023-04-28 22:03:49,061 INFO [long-pulling] client count 0

2023-04-28 22:03:49,109 INFO toNotifyTaskSize = 0

2023-04-28 22:03:49,110 INFO toClientNotifyTaskSize = 0

2023-04-28 22:03:49,109 INFO groupCount = 0, subscriberClientCount = 0, subscriberCount = 0

2023-04-28 22:03:59,063 INFO [long-pulling] client count 0

2023-04-28 22:03:59,115 INFO toNotifyTaskSize = 0

2023-04-28 22:03:59,115 INFO toClientNotifyTaskSize = 0

2023-04-28 22:03:59,115 INFO groupCount = 0, subscriberClientCount = 0, subscriberCount = 0

2023-04-28 22:04:09,068 INFO [long-pulling] client count 0

2023-04-28 22:04:09,120 INFO toNotifyTaskSize = 0

2023-04-28 22:04:09,121 INFO toClientNotifyTaskSize = 0

2023-04-28 22:04:09,120 INFO groupCount = 0, subscriberClientCount = 0, subscriberCount = 0

2023-04-28 22:04:19,074 INFO [long-pulling] client count 0

2023-04-28 22:04:19,123 INFO groupCount = 0, subscriberClientCount = 0, subscriberCount = 0

2023-04-28 22:04:19,123 INFO toNotifyTaskSize = 0

2023-04-28 22:04:19,123 INFO toClientNotifyTaskSize = 0

2023-04-28 22:04:29,075 INFO [long-pulling] client count 0

2023-04-28 22:04:29,124 INFO groupCount = 0, subscriberClientCount = 0, subscriberCount = 0

2023-04-28 22:04:29,124 INFO toNotifyTaskSize = 0

2023-04-28 22:04:29,124 INFO toClientNotifyTaskSize = 0

2023-04-28 22:04:39,080 INFO [long-pulling] client count 0

2023-04-28 22:04:39,126 INFO groupCount = 0, subscriberClientCount = 0, subscriberCount = 0

2023-04-28 22:04:39,126 INFO toNotifyTaskSize = 0

2023-04-28 22:04:39,126 INFO toClientNotifyTaskSize = 0

2023-04-28 22:04:49,085 INFO [long-pulling] client count 0

2023-04-28 22:04:49,128 INFO toNotifyTaskSize = 0

2023-04-28 22:04:49,128 INFO toClientNotifyTaskSize = 0

2023-04-28 22:04:49,128 INFO groupCount = 0, subscriberClientCount = 0, subscriberCount = 0

2023-04-28 22:04:59,087 INFO [long-pulling] client count 0

2023-04-28 22:04:59,130 INFO toNotifyTaskSize = 0

2023-04-28 22:04:59,130 INFO toClientNotifyTaskSize = 0

2023-04-28 22:04:59,130 INFO groupCount = 0, subscriberClientCount = 0, subscriberCount = 0

2023-04-28 22:05:09,091 INFO [long-pulling] client count 0

2023-04-28 22:05:09,132 INFO toNotifyTaskSize = 0

2023-04-28 22:05:09,132 INFO groupCount = 0, subscriberClientCount = 0, subscriberCount = 0

2023-04-28 22:05:09,132 INFO toClientNotifyTaskSize = 0

2023-04-28 22:05:19,096 INFO [long-pulling] client count 0

2023-04-28 22:05:19,133 INFO groupCount = 0, subscriberClientCount = 0, subscriberCount = 0

2023-04-28 22:05:19,133 INFO toNotifyTaskSize = 0

2023-04-28 22:05:19,133 INFO toClientNotifyTaskSize = 0

2023-04-28 22:05:29,099 INFO [long-pulling] client count 0

2023-04-28 22:05:29,139 INFO groupCount = 0, subscriberClientCount = 0, subscriberCount = 0

2023-04-28 22:05:29,139 INFO toNotifyTaskSize = 0

2023-04-28 22:05:29,139 INFO toClientNotifyTaskSize = 0

2023-04-28 22:05:39,101 INFO [long-pulling] client count 0

2023-04-28 22:05:39,139 INFO groupCount = 0, subscriberClientCount = 0, subscriberCount = 0

2023-04-28 22:05:39,139 INFO toNotifyTaskSize = 0

2023-04-28 22:05:39,139 INFO toClientNotifyTaskSize = 0

2023-04-28 22:05:49,104 INFO [long-pulling] client count 0

2023-04-28 22:05:49,144 INFO toNotifyTaskSize = 0

2023-04-28 22:05:49,145 INFO toClientNotifyTaskSize = 0

2023-04-28 22:05:49,144 INFO groupCount = 0, subscriberClientCount = 0, subscriberCount = 0

2023-04-28 22:05:59,108 INFO [long-pulling] client count 0

2023-04-28 22:05:59,145 INFO toNotifyTaskSize = 0

2023-04-28 22:05:59,145 INFO toClientNotifyTaskSize = 0

2023-04-28 22:05:59,145 INFO groupCount = 0, subscriberClientCount = 0, subscriberCount = 0

2023-04-28 22:06:09,114 INFO [long-pulling] client count 0

2023-04-28 22:06:09,150 INFO toNotifyTaskSize = 0

2023-04-28 22:06:09,150 INFO groupCount = 0, subscriberClientCount = 0, subscriberCount = 0

2023-04-28 22:06:09,151 INFO toClientNotifyTaskSize = 0

2023-04-28 22:06:19,118 INFO [long-pulling] client count 0

2023-04-28 22:06:19,152 INFO groupCount = 0, subscriberClientCount = 0, subscriberCount = 0

2023-04-28 22:06:19,152 INFO toNotifyTaskSize = 0

2023-04-28 22:06:19,152 INFO toClientNotifyTaskSize = 0

2023-04-28 22:06:29,123 INFO [long-pulling] client count 0

2023-04-28 22:06:29,158 INFO toNotifyTaskSize = 0

2023-04-28 22:06:29,158 INFO groupCount = 0, subscriberClientCount = 0, subscriberCount = 0

2023-04-28 22:06:29,158 INFO toClientNotifyTaskSize = 0

2023-04-28 22:06:39,124 INFO [long-pulling] client count 0

2023-04-28 22:06:39,161 INFO groupCount = 0, subscriberClientCount = 0, subscriberCount = 0

2023-04-28 22:06:39,161 INFO toNotifyTaskSize = 0

2023-04-28 22:06:39,161 INFO toClientNotifyTaskSize = 0

2023-04-28 22:06:49,129 INFO [long-pulling] client count 0

2023-04-28 22:06:49,166 INFO groupCount = 0, subscriberClientCount = 0, subscriberCount = 0

2023-04-28 22:06:49,167 INFO toNotifyTaskSize = 0

2023-04-28 22:06:49,167 INFO toClientNotifyTaskSize = 0

2023-04-28 22:06:59,133 INFO [long-pulling] client count 0

2023-04-28 22:06:59,169 INFO groupCount = 0, subscriberClientCount = 0, subscriberCount = 0

2023-04-28 22:06:59,169 INFO toNotifyTaskSize = 0

2023-04-28 22:06:59,169 INFO toClientNotifyTaskSize = 0

2023-04-28 22:07:09,140 INFO [long-pulling] client count 0

2023-04-28 22:07:09,171 INFO toNotifyTaskSize = 0

2023-04-28 22:07:09,171 INFO groupCount = 0, subscriberClientCount = 0, subscriberCount = 0

2023-04-28 22:07:09,171 INFO toClientNotifyTaskSize = 0

2023-04-28 22:07:19,140 INFO [long-pulling] client count 0

2023-04-28 22:07:19,172 INFO toNotifyTaskSize = 0

2023-04-28 22:07:19,172 INFO toClientNotifyTaskSize = 0

2023-04-28 22:07:19,172 INFO groupCount = 0, subscriberClientCount = 0, subscriberCount = 0

2023-04-28 22:07:29,146 INFO [long-pulling] client count 0

2023-04-28 22:07:29,176 INFO groupCount = 0, subscriberClientCount = 0, subscriberCount = 0

2023-04-28 22:07:29,176 INFO toNotifyTaskSize = 0

2023-04-28 22:07:29,176 INFO toClientNotifyTaskSize = 0

2023-04-28 22:07:39,150 INFO [long-pulling] client count 0

2023-04-28 22:07:39,182 INFO groupCount = 0, subscriberClientCount = 0, subscriberCount = 0

2023-04-28 22:07:39,182 INFO toNotifyTaskSize = 0

2023-04-28 22:07:39,182 INFO toClientNotifyTaskSize = 0

2023-04-28 22:07:49,156 INFO [long-pulling] client count 0

2023-04-28 22:07:49,187 INFO toNotifyTaskSize = 0

2023-04-28 22:07:49,187 INFO toClientNotifyTaskSize = 0

2023-04-28 22:07:49,187 INFO groupCount = 0, subscriberClientCount = 0, subscriberCount = 0

2023-04-28 22:07:59,157 INFO [long-pulling] client count 0

2023-04-28 22:07:59,191 INFO groupCount = 0, subscriberClientCount = 0, subscriberCount = 0

2023-04-28 22:07:59,191 INFO toNotifyTaskSize = 0

2023-04-28 22:07:59,191 INFO toClientNotifyTaskSize = 0

2023-04-28 22:08:09,158 INFO [long-pulling] client count 0

2023-04-28 22:08:09,197 INFO groupCount = 0, subscriberClientCount = 0, subscriberCount = 0

2023-04-28 22:08:09,197 INFO toNotifyTaskSize = 0

2023-04-28 22:08:09,197 INFO toClientNotifyTaskSize = 0

2023-04-28 22:08:19,163 INFO [long-pulling] client count 0

2023-04-28 22:08:19,198 INFO toNotifyTaskSize = 0

2023-04-28 22:08:19,198 INFO groupCount = 0, subscriberClientCount = 0, subscriberCount = 0

2023-04-28 22:08:19,198 INFO toClientNotifyTaskSize = 0

2023-04-28 22:08:29,169 INFO [long-pulling] client count 0

2023-04-28 22:08:29,204 INFO groupCount = 0, subscriberClientCount = 0, subscriberCount = 0

2023-04-28 22:08:29,204 INFO toNotifyTaskSize = 0

2023-04-28 22:08:29,204 INFO toClientNotifyTaskSize = 0

2023-04-28 22:08:39,174 INFO [long-pulling] client count 0

2023-04-28 22:08:39,208 INFO groupCount = 0, subscriberClientCount = 0, subscriberCount = 0

2023-04-28 22:08:39,208 INFO toNotifyTaskSize = 0

2023-04-28 22:08:39,208 INFO toClientNotifyTaskSize = 0

2023-04-28 22:08:49,178 INFO [long-pulling] client count 0

2023-04-28 22:08:49,212 INFO groupCount = 0, subscriberClientCount = 0, subscriberCount = 0

2023-04-28 22:08:49,212 INFO toNotifyTaskSize = 0

2023-04-28 22:08:49,212 INFO toClientNotifyTaskSize = 0

2023-04-28 22:08:59,183 INFO [long-pulling] client count 0

2023-04-28 22:08:59,212 INFO groupCount = 0, subscriberClientCount = 0, subscriberCount = 0

2023-04-28 22:08:59,213 INFO toNotifyTaskSize = 0

2023-04-28 22:08:59,213 INFO toClientNotifyTaskSize = 0

2023-04-28 22:09:09,188 INFO [long-pulling] client count 0

2023-04-28 22:09:09,218 INFO toNotifyTaskSize = 0

2023-04-28 22:09:09,218 INFO toClientNotifyTaskSize = 0

2023-04-28 22:09:09,218 INFO groupCount = 0, subscriberClientCount = 0, subscriberCount = 0

2023-04-28 22:09:19,192 INFO [long-pulling] client count 0

2023-04-28 22:09:19,223 INFO groupCount = 0, subscriberClientCount = 0, subscriberCount = 0

2023-04-28 22:09:19,223 INFO toNotifyTaskSize = 0

2023-04-28 22:09:19,224 INFO toClientNotifyTaskSize = 0

2023-04-28 22:09:29,196 INFO [long-pulling] client count 0

2023-04-28 22:09:29,225 INFO toNotifyTaskSize = 0

2023-04-28 22:09:29,225 INFO groupCount = 0, subscriberClientCount = 0, subscriberCount = 0

2023-04-28 22:09:29,225 INFO toClientNotifyTaskSize = 0

2023-04-28 22:09:39,201 INFO [long-pulling] client count 0

2023-04-28 22:09:39,228 INFO groupCount = 0, subscriberClientCount = 0, subscriberCount = 0

2023-04-28 22:09:39,229 INFO toNotifyTaskSize = 0

2023-04-28 22:09:39,229 INFO toClientNotifyTaskSize = 0

2023-04-28 22:09:49,207 INFO [long-pulling] client count 0

2023-04-28 22:09:49,234 INFO toNotifyTaskSize = 0

2023-04-28 22:09:49,234 INFO toClientNotifyTaskSize = 0

2023-04-28 22:09:49,234 INFO groupCount = 0, subscriberClientCount = 0, subscriberCount = 0

2023-04-28 22:09:59,212 INFO [long-pulling] client count 0

2023-04-28 22:09:59,239 INFO toNotifyTaskSize = 0

2023-04-28 22:09:59,239 INFO groupCount = 0, subscriberClientCount = 0, subscriberCount = 0

2023-04-28 22:09:59,240 INFO toClientNotifyTaskSize = 0

2023-04-28 22:10:09,218 INFO [long-pulling] client count 0

2023-04-28 22:10:09,245 INFO toNotifyTaskSize = 0

2023-04-28 22:10:09,245 INFO toClientNotifyTaskSize = 0

2023-04-28 22:10:09,245 INFO groupCount = 0, subscriberClientCount = 0, subscriberCount = 0

2023-04-28 22:10:19,223 INFO [long-pulling] client count 0

2023-04-28 22:10:19,250 INFO groupCount = 0, subscriberClientCount = 0, subscriberCount = 0

2023-04-28 22:10:19,250 INFO toNotifyTaskSize = 0

2023-04-28 22:10:19,250 INFO toClientNotifyTaskSize = 0

2023-04-28 22:10:29,228 INFO [long-pulling] client count 0

2023-04-28 22:10:29,252 INFO groupCount = 0, subscriberClientCount = 0, subscriberCount = 0

2023-04-28 22:10:29,252 INFO toNotifyTaskSize = 0

2023-04-28 22:10:29,252 INFO toClientNotifyTaskSize = 0

2023-04-28 22:10:39,229 INFO [long-pulling] client count 0

2023-04-28 22:10:39,257 INFO toNotifyTaskSize = 0

2023-04-28 22:10:39,257 INFO groupCount = 0, subscriberClientCount = 0, subscriberCount = 0

2023-04-28 22:10:39,258 INFO toClientNotifyTaskSize = 0

2023-04-28 22:10:49,235 INFO [long-pulling] client count 0

2023-04-28 22:10:49,263 INFO groupCount = 0, subscriberClientCount = 0, subscriberCount = 0

2023-04-28 22:10:49,263 INFO toNotifyTaskSize = 0

2023-04-28 22:10:49,263 INFO toClientNotifyTaskSize = 0

2023-04-28 22:10:59,240 INFO [long-pulling] client count 0

2023-04-28 22:10:59,268 INFO toNotifyTaskSize = 0

2023-04-28 22:10:59,269 INFO toClientNotifyTaskSize = 0

2023-04-28 22:10:59,268 INFO groupCount = 0, subscriberClientCount = 0, subscriberCount = 0

2023-04-28 22:11:09,246 INFO [long-pulling] client count 0

2023-04-28 22:11:09,270 INFO toNotifyTaskSize = 0

2023-04-28 22:11:09,270 INFO toClientNotifyTaskSize = 0

2023-04-28 22:11:09,270 INFO groupCount = 0, subscriberClientCount = 0, subscriberCount = 0

2023-04-28 22:11:19,249 INFO [long-pulling] client count 0

2023-04-28 22:11:19,273 INFO toNotifyTaskSize = 0

2023-04-28 22:11:19,273 INFO groupCount = 0, subscriberClientCount = 0, subscriberCount = 0

2023-04-28 22:11:19,273 INFO toClientNotifyTaskSize = 0

2023-04-28 22:11:29,255 INFO [long-pulling] client count 0

2023-04-28 22:11:29,277 INFO groupCount = 0, subscriberClientCount = 0, subscriberCount = 0

2023-04-28 22:11:29,277 INFO toNotifyTaskSize = 0

2023-04-28 22:11:29,277 INFO toClientNotifyTaskSize = 0

2023-04-28 22:11:39,256 INFO [long-pulling] client count 0

2023-04-28 22:11:39,281 INFO groupCount = 0, subscriberClientCount = 0, subscriberCount = 0

2023-04-28 22:11:39,281 INFO toNotifyTaskSize = 0

2023-04-28 22:11:39,281 INFO toClientNotifyTaskSize = 0

2023-04-28 22:11:49,262 INFO [long-pulling] client count 0

2023-04-28 22:11:49,283 INFO toNotifyTaskSize = 0

2023-04-28 22:11:49,283 INFO groupCount = 0, subscriberClientCount = 0, subscriberCount = 0

2023-04-28 22:11:49,284 INFO toClientNotifyTaskSize = 0

2023-04-28 22:11:59,267 INFO [long-pulling] client count 0

2023-04-28 22:11:59,285 INFO groupCount = 0, subscriberClientCount = 0, subscriberCount = 0

2023-04-28 22:11:59,285 INFO toNotifyTaskSize = 0

2023-04-28 22:11:59,285 INFO toClientNotifyTaskSize = 0

2023-04-28 22:12:09,270 INFO [long-pulling] client count 0

2023-04-28 22:12:09,290 INFO toNotifyTaskSize = 0

2023-04-28 22:12:09,290 INFO groupCount = 0, subscriberClientCount = 0, subscriberCount = 0

2023-04-28 22:12:09,290 INFO toClientNotifyTaskSize = 0

2023-04-28 22:12:19,275 INFO [long-pulling] client count 0

2023-04-28 22:12:19,291 INFO groupCount = 0, subscriberClientCount = 0, subscriberCount = 0

2023-04-28 22:12:19,291 INFO toNotifyTaskSize = 0

2023-04-28 22:12:19,291 INFO toClientNotifyTaskSize = 0

2023-04-28 22:12:29,278 INFO [long-pulling] client count 0

2023-04-28 22:12:29,294 INFO groupCount = 0, subscriberClientCount = 0, subscriberCount = 0

2023-04-28 22:12:29,294 INFO toNotifyTaskSize = 0

2023-04-28 22:12:29,294 INFO toClientNotifyTaskSize = 0

2023-04-28 22:12:39,281 INFO [long-pulling] client count 0

2023-04-28 22:12:39,299 INFO toNotifyTaskSize = 0

2023-04-28 22:12:39,299 INFO groupCount = 0, subscriberClientCount = 0, subscriberCount = 0

2023-04-28 22:12:39,300 INFO toClientNotifyTaskSize = 0

2023-04-28 22:12:49,284 INFO [long-pulling] client count 0

2023-04-28 22:12:49,302 INFO groupCount = 0, subscriberClientCount = 0, subscriberCount = 0

2023-04-28 22:12:49,303 INFO toNotifyTaskSize = 0

2023-04-28 22:12:49,303 INFO toClientNotifyTaskSize = 0

2023-04-28 22:12:59,288 INFO [long-pulling] client count 0

2023-04-28 22:12:59,304 INFO toNotifyTaskSize = 0

2023-04-28 22:12:59,304 INFO toClientNotifyTaskSize = 0

2023-04-28 22:12:59,304 INFO groupCount = 0, subscriberClientCount = 0, subscriberCount = 0

2023-04-28 22:13:09,293 INFO [long-pulling] client count 0

2023-04-28 22:13:09,306 INFO toNotifyTaskSize = 0

2023-04-28 22:13:09,306 INFO toClientNotifyTaskSize = 0

2023-04-28 22:13:09,306 INFO groupCount = 0, subscriberClientCount = 0, subscriberCount = 0

2023-04-28 22:13:19,299 INFO [long-pulling] client count 0

2023-04-28 22:13:19,311 INFO toNotifyTaskSize = 0

2023-04-28 22:13:19,312 INFO toClientNotifyTaskSize = 0

2023-04-28 22:13:19,311 INFO groupCount = 0, subscriberClientCount = 0, subscriberCount = 0

2023-04-28 22:13:29,303 INFO [long-pulling] client count 0

2023-04-28 22:13:29,317 INFO toNotifyTaskSize = 0

2023-04-28 22:13:29,317 INFO groupCount = 0, subscriberClientCount = 0, subscriberCount = 0

2023-04-28 22:13:29,317 INFO toClientNotifyTaskSize = 0

2023-04-28 22:13:39,309 INFO [long-pulling] client count 0

2023-04-28 22:13:39,322 INFO groupCount = 0, subscriberClientCount = 0, subscriberCount = 0

2023-04-28 22:13:39,322 INFO toNotifyTaskSize = 0

2023-04-28 22:13:39,322 INFO toClientNotifyTaskSize = 0

2023-04-28 22:13:49,312 INFO [long-pulling] client count 0

2023-04-28 22:13:49,327 INFO toNotifyTaskSize = 0

2023-04-28 22:13:49,327 INFO groupCount = 0, subscriberClientCount = 0, subscriberCount = 0

2023-04-28 22:13:49,327 INFO toClientNotifyTaskSize = 0

2023-04-28 22:13:59,317 INFO [long-pulling] client count 0

2023-04-28 22:13:59,332 INFO groupCount = 0, subscriberClientCount = 0, subscriberCount = 0

2023-04-28 22:13:59,332 INFO toNotifyTaskSize = 0

2023-04-28 22:13:59,332 INFO toClientNotifyTaskSize = 0

2023-04-28 22:14:09,323 INFO [long-pulling] client count 0

2023-04-28 22:14:09,337 INFO toNotifyTaskSize = 0

2023-04-28 22:14:09,337 INFO groupCount = 0, subscriberClientCount = 0, subscriberCount = 0

2023-04-28 22:14:09,337 INFO toClientNotifyTaskSize = 0

2023-04-28 22:14:19,327 INFO [long-pulling] client count 0

2023-04-28 22:14:19,339 INFO toNotifyTaskSize = 0

2023-04-28 22:14:19,339 INFO toClientNotifyTaskSize = 0

2023-04-28 22:14:19,339 INFO groupCount = 0, subscriberClientCount = 0, subscriberCount = 0

2023-04-28 22:14:29,332 INFO [long-pulling] client count 0

2023-04-28 22:14:29,339 INFO toNotifyTaskSize = 0

2023-04-28 22:14:29,339 INFO toClientNotifyTaskSize = 0

2023-04-28 22:14:29,339 INFO groupCount = 0, subscriberClientCount = 0, subscriberCount = 0

2023-04-28 22:14:39,334 INFO [long-pulling] client count 0

2023-04-28 22:14:39,345 INFO toNotifyTaskSize = 0

2023-04-28 22:14:39,345 INFO toClientNotifyTaskSize = 0

2023-04-28 22:14:39,345 INFO groupCount = 0, subscriberClientCount = 0, subscriberCount = 0

2023-04-28 22:14:49,340 INFO [long-pulling] client count 0

2023-04-28 22:14:49,347 INFO groupCount = 0, subscriberClientCount = 0, subscriberCount = 0

2023-04-28 22:14:49,347 INFO toNotifyTaskSize = 0

2023-04-28 22:14:49,348 INFO toClientNotifyTaskSize = 0

2023-04-28 22:14:59,344 INFO [long-pulling] client count 0

2023-04-28 22:14:59,353 INFO groupCount = 0, subscriberClientCount = 0, subscriberCount = 0

2023-04-28 22:14:59,353 INFO toNotifyTaskSize = 0

2023-04-28 22:14:59,353 INFO toClientNotifyTaskSize = 0

2023-04-28 22:15:09,348 INFO [long-pulling] client count 0

2023-04-28 22:15:09,356 INFO groupCount = 0, subscriberClientCount = 0, subscriberCount = 0

2023-04-28 22:15:09,356 INFO toNotifyTaskSize = 0

2023-04-28 22:15:09,356 INFO toClientNotifyTaskSize = 0

2023-04-28 22:15:19,348 INFO [long-pulling] client count 0

2023-04-28 22:15:19,357 INFO groupCount = 0, subscriberClientCount = 0, subscriberCount = 0

2023-04-28 22:15:19,357 INFO toNotifyTaskSize = 0

2023-04-28 22:15:19,357 INFO toClientNotifyTaskSize = 0

2023-04-28 22:15:29,350 INFO [long-pulling] client count 0

2023-04-28 22:15:29,358 INFO groupCount = 0, subscriberClientCount = 0, subscriberCount = 0

2023-04-28 22:15:29,358 INFO toNotifyTaskSize = 0

2023-04-28 22:15:29,358 INFO toClientNotifyTaskSize = 0

2023-04-28 22:15:39,355 INFO [long-pulling] client count 0

2023-04-28 22:15:39,360 INFO groupCount = 0, subscriberClientCount = 0, subscriberCount = 0

2023-04-28 22:15:39,360 INFO toNotifyTaskSize = 0

2023-04-28 22:15:39,361 INFO toClientNotifyTaskSize = 0

2023-04-28 22:15:49,361 INFO [long-pulling] client count 0

2023-04-28 22:15:49,366 INFO groupCount = 0, subscriberClientCount = 0, subscriberCount = 0

2023-04-28 22:15:49,366 INFO toNotifyTaskSize = 0

2023-04-28 22:15:49,366 INFO toClientNotifyTaskSize = 0

2023-04-28 22:15:59,366 INFO [long-pulling] client count 0

2023-04-28 22:15:59,368 INFO groupCount = 0, subscriberClientCount = 0, subscriberCount = 0

2023-04-28 22:15:59,368 INFO toNotifyTaskSize = 0

2023-04-28 22:15:59,368 INFO toClientNotifyTaskSize = 0

2023-04-28 22:16:09,368 INFO groupCount = 0, subscriberClientCount = 0, subscriberCount = 0

2023-04-28 22:16:09,368 INFO toNotifyTaskSize = 0

2023-04-28 22:16:09,368 INFO toClientNotifyTaskSize = 0

2023-04-28 22:16:09,372 INFO [long-pulling] client count 0

2023-04-28 22:16:19,372 INFO groupCount = 0, subscriberClientCount = 0, subscriberCount = 0

2023-04-28 22:16:19,372 INFO toNotifyTaskSize = 0

2023-04-28 22:16:19,373 INFO toClientNotifyTaskSize = 0

2023-04-28 22:16:19,374 INFO [long-pulling] client count 0

2023-04-28 22:16:29,377 INFO toNotifyTaskSize = 0

2023-04-28 22:16:29,377 INFO toClientNotifyTaskSize = 0

2023-04-28 22:16:29,377 INFO [long-pulling] client count 0

2023-04-28 22:16:29,377 INFO groupCount = 0, subscriberClientCount = 0, subscriberCount = 0

2023-04-28 22:16:39,382 INFO toNotifyTaskSize = 0

2023-04-28 22:16:39,382 INFO groupCount = 0, subscriberClientCount = 0, subscriberCount = 0

2023-04-28 22:16:39,382 INFO toClientNotifyTaskSize = 0

2023-04-28 22:16:39,382 INFO [long-pulling] client count 0

2023-04-28 22:16:49,384 INFO toNotifyTaskSize = 0

2023-04-28 22:16:49,384 INFO groupCount = 0, subscriberClientCount = 0, subscriberCount = 0

2023-04-28 22:16:49,384 INFO toClientNotifyTaskSize = 0

2023-04-28 22:16:49,388 INFO [long-pulling] client count 0

2023-04-28 22:16:59,385 INFO toNotifyTaskSize = 0

2023-04-28 22:16:59,385 INFO groupCount = 0, subscriberClientCount = 0, subscriberCount = 0

2023-04-28 22:16:59,386 INFO toClientNotifyTaskSize = 0

2023-04-28 22:16:59,391 INFO [long-pulling] client count 0

2023-04-28 22:17:09,387 INFO groupCount = 0, subscriberClientCount = 0, subscriberCount = 0

2023-04-28 22:17:09,388 INFO toNotifyTaskSize = 0

2023-04-28 22:17:09,388 INFO toClientNotifyTaskSize = 0

2023-04-28 22:17:09,395 INFO [long-pulling] client count 0

2023-04-28 22:17:18,903 INFO [long-pulling] client count 0

2023-04-28 22:17:28,929 INFO [long-pulling] client count 0

2023-04-28 22:17:29,046 INFO toNotifyTaskSize = 0

2023-04-28 22:17:29,046 INFO toClientNotifyTaskSize = 0

2023-04-28 22:17:29,051 INFO groupCount = 0, subscriberClientCount = 0, subscriberCount = 0

2023-04-28 22:17:38,933 INFO [long-pulling] client count 0

2023-04-28 22:17:39,052 INFO toNotifyTaskSize = 0

2023-04-28 22:17:39,052 INFO groupCount = 0, subscriberClientCount = 0, subscriberCount = 0

2023-04-28 22:17:39,052 INFO toClientNotifyTaskSize = 0

2023-04-28 22:17:48,938 INFO [long-pulling] client count 0

2023-04-28 22:17:49,057 INFO groupCount = 0, subscriberClientCount = 0, subscriberCount = 0

2023-04-28 22:17:49,057 INFO toNotifyTaskSize = 0

2023-04-28 22:17:49,058 INFO toClientNotifyTaskSize = 0

2023-04-28 22:17:58,941 INFO [long-pulling] client count 0

2023-04-28 22:17:59,059 INFO groupCount = 0, subscriberClientCount = 0, subscriberCount = 0

2023-04-28 22:17:59,059 INFO toNotifyTaskSize = 0

2023-04-28 22:17:59,060 INFO toClientNotifyTaskSize = 0

2023-04-28 22:18:08,946 INFO [long-pulling] client count 0

2023-04-28 22:18:09,062 INFO groupCount = 0, subscriberClientCount = 0, subscriberCount = 0

2023-04-28 22:18:09,062 INFO toNotifyTaskSize = 0

2023-04-28 22:18:09,062 INFO toClientNotifyTaskSize = 0

2023-04-28 22:18:18,952 INFO [long-pulling] client count 0

2023-04-28 22:18:19,068 INFO groupCount = 0, subscriberClientCount = 0, subscriberCount = 0

2023-04-28 22:18:19,068 INFO toNotifyTaskSize = 0

2023-04-28 22:18:19,068 INFO toClientNotifyTaskSize = 0

2023-04-28 22:18:28,956 INFO [long-pulling] client count 0

2023-04-28 22:18:29,070 INFO groupCount = 0, subscriberClientCount = 0, subscriberCount = 0

2023-04-28 22:18:29,070 INFO toNotifyTaskSize = 0

2023-04-28 22:18:29,070 INFO toClientNotifyTaskSize = 0

2023-04-28 22:18:38,961 INFO [long-pulling] client count 0

2023-04-28 22:18:39,073 INFO groupCount = 0, subscriberClientCount = 0, subscriberCount = 0

2023-04-28 22:18:39,073 INFO toNotifyTaskSize = 0

2023-04-28 22:18:39,073 INFO toClientNotifyTaskSize = 0

2023-04-28 22:18:48,967 INFO [long-pulling] client count 0

2023-04-28 22:18:49,074 INFO groupCount = 0, subscriberClientCount = 0, subscriberCount = 0

2023-04-28 22:18:49,074 INFO toNotifyTaskSize = 0

2023-04-28 22:18:49,074 INFO toClientNotifyTaskSize = 0

2023-04-28 22:18:58,972 INFO [long-pulling] client count 0

2023-04-28 22:18:59,075 INFO groupCount = 0, subscriberClientCount = 0, subscriberCount = 0

2023-04-28 22:18:59,075 INFO toNotifyTaskSize = 0

2023-04-28 22:18:59,075 INFO toClientNotifyTaskSize = 0

2023-04-28 22:19:08,977 INFO [long-pulling] client count 0

2023-04-28 22:19:09,079 INFO toNotifyTaskSize = 0

2023-04-28 22:19:09,079 INFO toClientNotifyTaskSize = 0

2023-04-28 22:19:09,079 INFO groupCount = 0, subscriberClientCount = 0, subscriberCount = 0

2023-04-28 22:19:18,983 INFO [long-pulling] client count 0

2023-04-28 22:19:19,084 INFO groupCount = 0, subscriberClientCount = 0, subscriberCount = 0

2023-04-28 22:19:19,084 INFO toNotifyTaskSize = 0

2023-04-28 22:19:19,084 INFO toClientNotifyTaskSize = 0

2023-04-28 22:19:28,988 INFO [long-pulling] client count 0

2023-04-28 22:19:29,086 INFO groupCount = 0, subscriberClientCount = 0, subscriberCount = 0

2023-04-28 22:19:29,086 INFO toNotifyTaskSize = 0

2023-04-28 22:19:29,087 INFO toClientNotifyTaskSize = 0

2023-04-28 22:19:38,994 INFO [long-pulling] client count 0

2023-04-28 22:19:39,087 INFO groupCount = 0, subscriberClientCount = 0, subscriberCount = 0

2023-04-28 22:19:39,088 INFO toNotifyTaskSize = 0

2023-04-28 22:19:39,088 INFO toClientNotifyTaskSize = 0

2023-04-28 22:19:48,995 INFO [long-pulling] client count 0

2023-04-28 22:19:49,093 INFO groupCount = 0, subscriberClientCount = 0, subscriberCount = 0

2023-04-28 22:19:49,093 INFO toNotifyTaskSize = 0

2023-04-28 22:19:49,093 INFO toClientNotifyTaskSize = 0

2023-04-28 22:19:58,998 INFO [long-pulling] client count 0

2023-04-28 22:19:59,098 INFO toNotifyTaskSize = 0

2023-04-28 22:19:59,098 INFO groupCount = 0, subscriberClientCount = 0, subscriberCount = 0

2023-04-28 22:19:59,099 INFO toClientNotifyTaskSize = 0

2023-04-28 22:20:09,004 INFO [long-pulling] client count 0

2023-04-28 22:20:09,103 INFO toNotifyTaskSize = 0

2023-04-28 22:20:09,103 INFO groupCount = 0, subscriberClientCount = 0, subscriberCount = 0

2023-04-28 22:20:09,104 INFO toClientNotifyTaskSize = 0

2023-04-28 22:20:19,007 INFO [long-pulling] client count 0

2023-04-28 22:20:19,105 INFO groupCount = 0, subscriberClientCount = 0, subscriberCount = 0

2023-04-28 22:20:19,105 INFO toNotifyTaskSize = 0

2023-04-28 22:20:19,106 INFO toClientNotifyTaskSize = 0

2023-04-28 22:20:29,013 INFO [long-pulling] client count 0

2023-04-28 22:20:29,111 INFO toNotifyTaskSize = 0

2023-04-28 22:20:29,111 INFO toClientNotifyTaskSize = 0

2023-04-28 22:20:29,111 INFO groupCount = 0, subscriberClientCount = 0, subscriberCount = 0

2023-04-28 22:20:39,015 INFO [long-pulling] client count 0

2023-04-28 22:20:39,114 INFO toNotifyTaskSize = 0

2023-04-28 22:20:39,114 INFO toClientNotifyTaskSize = 0

2023-04-28 22:20:39,114 INFO groupCount = 0, subscriberClientCount = 0, subscriberCount = 0

2023-04-28 22:20:49,017 INFO [long-pulling] client count 0

2023-04-28 22:20:49,115 INFO groupCount = 0, subscriberClientCount = 0, subscriberCount = 0

2023-04-28 22:20:49,115 INFO toNotifyTaskSize = 0

2023-04-28 22:20:49,115 INFO toClientNotifyTaskSize = 0

2023-04-28 22:20:59,020 INFO [long-pulling] client count 0

2023-04-28 22:20:59,120 INFO toNotifyTaskSize = 0

2023-04-28 22:20:59,120 INFO groupCount = 0, subscriberClientCount = 0, subscriberCount = 0

2023-04-28 22:20:59,120 INFO toClientNotifyTaskSize = 0

2023-04-28 22:21:09,025 INFO [long-pulling] client count 0

2023-04-28 22:21:09,126 INFO toNotifyTaskSize = 0

2023-04-28 22:21:09,126 INFO groupCount = 0, subscriberClientCount = 0, subscriberCount = 0

2023-04-28 22:21:09,126 INFO toClientNotifyTaskSize = 0

2023-04-28 22:21:19,030 INFO [long-pulling] client count 0

2023-04-28 22:21:19,130 INFO groupCount = 0, subscriberClientCount = 0, subscriberCount = 0

2023-04-28 22:21:19,130 INFO toNotifyTaskSize = 0

2023-04-28 22:21:19,130 INFO toClientNotifyTaskSize = 0

2023-04-28 22:21:29,035 INFO [long-pulling] client count 0

2023-04-28 22:21:29,131 INFO groupCount = 0, subscriberClientCount = 0, subscriberCount = 0

2023-04-28 22:21:29,131 INFO toNotifyTaskSize = 0

2023-04-28 22:21:29,131 INFO toClientNotifyTaskSize = 0

2023-04-28 22:21:39,037 INFO [long-pulling] client count 0

2023-04-28 22:21:39,131 INFO groupCount = 0, subscriberClientCount = 0, subscriberCount = 0

2023-04-28 22:21:39,132 INFO toNotifyTaskSize = 0

2023-04-28 22:21:39,132 INFO toClientNotifyTaskSize = 0

2023-04-28 22:21:49,038 INFO [long-pulling] client count 0

2023-04-28 22:21:49,133 INFO groupCount = 0, subscriberClientCount = 0, subscriberCount = 0

2023-04-28 22:21:49,133 INFO toNotifyTaskSize = 0

2023-04-28 22:21:49,133 INFO toClientNotifyTaskSize = 0

2023-04-28 22:21:59,043 INFO [long-pulling] client count 0

2023-04-28 22:21:59,134 INFO groupCount = 0, subscriberClientCount = 0, subscriberCount = 0

2023-04-28 22:21:59,134 INFO toNotifyTaskSize = 0

2023-04-28 22:21:59,135 INFO toClientNotifyTaskSize = 0

2023-04-28 22:22:09,048 INFO [long-pulling] client count 0

2023-04-28 22:22:09,140 INFO groupCount = 0, subscriberClientCount = 0, subscriberCount = 0

2023-04-28 22:22:09,140 INFO toNotifyTaskSize = 0

2023-04-28 22:22:09,140 INFO toClientNotifyTaskSize = 0

2023-04-28 22:22:19,054 INFO [long-pulling] client count 0

2023-04-28 22:22:19,141 INFO toNotifyTaskSize = 0

2023-04-28 22:22:19,141 INFO groupCount = 0, subscriberClientCount = 0, subscriberCount = 0

2023-04-28 22:22:19,141 INFO toClientNotifyTaskSize = 0

2023-04-28 22:22:29,059 INFO [long-pulling] client count 0

2023-04-28 22:22:29,142 INFO groupCount = 0, subscriberClientCount = 0, subscriberCount = 0

2023-04-28 22:22:29,142 INFO toNotifyTaskSize = 0

2023-04-28 22:22:29,142 INFO toClientNotifyTaskSize = 0

2023-04-28 22:22:39,065 INFO [long-pulling] client count 0

2023-04-28 22:22:39,147 INFO toNotifyTaskSize = 0

2023-04-28 22:22:39,147 INFO groupCount = 0, subscriberClientCount = 0, subscriberCount = 0

2023-04-28 22:22:39,148 INFO toClientNotifyTaskSize = 0

2023-04-28 22:22:49,066 INFO [long-pulling] client count 0

2023-04-28 22:22:49,153 INFO toNotifyTaskSize = 0

2023-04-28 22:22:49,153 INFO groupCount = 0, subscriberClientCount = 0, subscriberCount = 0

2023-04-28 22:22:49,153 INFO toClientNotifyTaskSize = 0

2023-04-28 22:22:59,071 INFO [long-pulling] client count 0

2023-04-28 22:22:59,158 INFO toNotifyTaskSize = 0

2023-04-28 22:22:59,159 INFO toClientNotifyTaskSize = 0

2023-04-28 22:22:59,158 INFO groupCount = 0, subscriberClientCount = 0, subscriberCount = 0

2023-04-28 22:23:09,077 INFO [long-pulling] client count 0

2023-04-28 22:23:09,164 INFO toNotifyTaskSize = 0

2023-04-28 22:23:09,164 INFO groupCount = 0, subscriberClientCount = 0, subscriberCount = 0

2023-04-28 22:23:09,164 INFO toClientNotifyTaskSize = 0

2023-04-28 22:23:19,082 INFO [long-pulling] client count 0

2023-04-28 22:23:19,169 INFO groupCount = 0, subscriberClientCount = 0, subscriberCount = 0

2023-04-28 22:23:19,169 INFO toNotifyTaskSize = 0

2023-04-28 22:23:19,169 INFO toClientNotifyTaskSize = 0

2023-04-28 22:23:29,088 INFO [long-pulling] client count 0

2023-04-28 22:23:29,170 INFO toNotifyTaskSize = 0

2023-04-28 22:23:29,170 INFO groupCount = 0, subscriberClientCount = 0, subscriberCount = 0

2023-04-28 22:23:29,170 INFO toClientNotifyTaskSize = 0

2023-04-28 22:23:39,088 INFO [long-pulling] client count 0

2023-04-28 22:23:39,174 INFO toNotifyTaskSize = 0

2023-04-28 22:23:39,174 INFO toClientNotifyTaskSize = 0

2023-04-28 22:23:39,174 INFO groupCount = 0, subscriberClientCount = 0, subscriberCount = 0

2023-04-28 22:23:49,094 INFO [long-pulling] client count 0

2023-04-28 22:23:49,179 INFO toNotifyTaskSize = 0

2023-04-28 22:23:49,179 INFO groupCount = 0, subscriberClientCount = 0, subscriberCount = 0

2023-04-28 22:23:49,180 INFO toClientNotifyTaskSize = 0

2023-04-28 22:23:59,096 INFO [long-pulling] client count 0

2023-04-28 22:23:59,185 INFO toNotifyTaskSize = 0

2023-04-28 22:23:59,185 INFO groupCount = 0, subscriberClientCount = 0, subscriberCount = 0

2023-04-28 22:23:59,185 INFO toClientNotifyTaskSize = 0

2023-04-28 22:24:09,102 INFO [long-pulling] client count 0

2023-04-28 22:24:09,190 INFO groupCount = 0, subscriberClientCount = 0, subscriberCount = 0

2023-04-28 22:24:09,190 INFO toNotifyTaskSize = 0

2023-04-28 22:24:09,190 INFO toClientNotifyTaskSize = 0

2023-04-28 22:24:19,107 INFO [long-pulling] client count 0

2023-04-28 22:24:19,193 INFO toNotifyTaskSize = 0

2023-04-28 22:24:19,193 INFO groupCount = 0, subscriberClientCount = 0, subscriberCount = 0

2023-04-28 22:24:19,194 INFO toClientNotifyTaskSize = 0

2023-04-28 22:24:29,112 INFO [long-pulling] client count 0

2023-04-28 22:24:29,199 INFO groupCount = 0, subscriberClientCount = 0, subscriberCount = 0

2023-04-28 22:24:29,199 INFO toNotifyTaskSize = 0

2023-04-28 22:24:29,199 INFO toClientNotifyTaskSize = 0

2023-04-28 22:24:39,115 INFO [long-pulling] client count 0

2023-04-28 22:24:39,202 INFO toNotifyTaskSize = 0

2023-04-28 22:24:39,202 INFO groupCount = 0, subscriberClientCount = 0, subscriberCount = 0

2023-04-28 22:24:39,203 INFO toClientNotifyTaskSize = 0

2023-04-28 22:24:49,116 INFO [long-pulling] client count 0

2023-04-28 22:24:49,208 INFO toNotifyTaskSize = 0

2023-04-28 22:24:49,208 INFO toClientNotifyTaskSize = 0

2023-04-28 22:24:49,208 INFO groupCount = 0, subscriberClientCount = 0, subscriberCount = 0

2023-04-28 22:24:59,121 INFO [long-pulling] client count 0

2023-04-28 22:24:59,211 INFO groupCount = 0, subscriberClientCount = 0, subscriberCount = 0

2023-04-28 22:24:59,211 INFO toNotifyTaskSize = 0

2023-04-28 22:24:59,211 INFO toClientNotifyTaskSize = 0

2023-04-28 22:25:09,124 INFO [long-pulling] client count 0

2023-04-28 22:25:09,213 INFO groupCount = 0, subscriberClientCount = 0, subscriberCount = 0

2023-04-28 22:25:09,213 INFO toNotifyTaskSize = 0

2023-04-28 22:25:09,213 INFO toClientNotifyTaskSize = 0

2023-04-28 22:25:19,130 INFO [long-pulling] client count 0

2023-04-28 22:25:19,216 INFO groupCount = 0, subscriberClientCount = 0, subscriberCount = 0

2023-04-28 22:25:19,216 INFO toNotifyTaskSize = 0

2023-04-28 22:25:19,216 INFO toClientNotifyTaskSize = 0

2023-04-28 22:25:29,133 INFO [long-pulling] client count 0

2023-04-28 22:25:29,222 INFO groupCount = 0, subscriberClientCount = 0, subscriberCount = 0

2023-04-28 22:25:29,222 INFO toNotifyTaskSize = 0

2023-04-28 22:25:29,222 INFO toClientNotifyTaskSize = 0

2023-04-28 22:25:39,139 INFO [long-pulling] client count 0

2023-04-28 22:25:39,225 INFO groupCount = 0, subscriberClientCount = 0, subscriberCount = 0

2023-04-28 22:25:39,225 INFO toNotifyTaskSize = 0

2023-04-28 22:25:39,225 INFO toClientNotifyTaskSize = 0

2023-04-28 22:25:49,144 INFO [long-pulling] client count 0

2023-04-28 22:25:49,230 INFO toNotifyTaskSize = 0

2023-04-28 22:25:49,230 INFO groupCount = 0, subscriberClientCount = 0, subscriberCount = 0

2023-04-28 22:25:49,231 INFO toClientNotifyTaskSize = 0

2023-04-28 22:25:59,147 INFO [long-pulling] client count 0

2023-04-28 22:25:59,234 INFO toNotifyTaskSize = 0

2023-04-28 22:25:59,234 INFO groupCount = 0, subscriberClientCount = 0, subscriberCount = 0

2023-04-28 22:25:59,234 INFO toClientNotifyTaskSize = 0

2023-04-28 22:26:09,150 INFO [long-pulling] client count 0

2023-04-28 22:26:09,236 INFO groupCount = 0, subscriberClientCount = 0, subscriberCount = 0

2023-04-28 22:26:09,236 INFO toNotifyTaskSize = 0

2023-04-28 22:26:09,236 INFO toClientNotifyTaskSize = 0

2023-04-28 22:26:19,156 INFO [long-pulling] client count 0

2023-04-28 22:26:19,237 INFO groupCount = 0, subscriberClientCount = 0, subscriberCount = 0

2023-04-28 22:26:19,238 INFO toNotifyTaskSize = 0

2023-04-28 22:26:19,238 INFO toClientNotifyTaskSize = 0

2023-04-28 22:26:29,162 INFO [long-pulling] client count 0

2023-04-28 22:26:29,243 INFO groupCount = 0, subscriberClientCount = 0, subscriberCount = 0

2023-04-28 22:26:29,243 INFO toNotifyTaskSize = 0

2023-04-28 22:26:29,243 INFO toClientNotifyTaskSize = 0

2023-04-28 22:26:39,162 INFO [long-pulling] client count 0

2023-04-28 22:26:39,249 INFO groupCount = 0, subscriberClientCount = 0, subscriberCount = 0

2023-04-28 22:26:39,249 INFO toNotifyTaskSize = 0

2023-04-28 22:26:39,249 INFO toClientNotifyTaskSize = 0

2023-04-28 22:26:49,167 INFO [long-pulling] client count 0

2023-04-28 22:26:49,251 INFO groupCount = 0, subscriberClientCount = 0, subscriberCount = 0

2023-04-28 22:26:49,251 INFO toNotifyTaskSize = 0

2023-04-28 22:26:49,252 INFO toClientNotifyTaskSize = 0

2023-04-28 22:26:59,173 INFO [long-pulling] client count 0

2023-04-28 22:26:59,257 INFO toNotifyTaskSize = 0

2023-04-28 22:26:59,257 INFO toClientNotifyTaskSize = 0

2023-04-28 22:26:59,257 INFO groupCount = 0, subscriberClientCount = 0, subscriberCount = 0

2023-04-28 22:27:09,174 INFO [long-pulling] client count 0

2023-04-28 22:27:09,258 INFO toNotifyTaskSize = 0

2023-04-28 22:27:09,258 INFO toClientNotifyTaskSize = 0

2023-04-28 22:27:09,258 INFO groupCount = 0, subscriberClientCount = 0, subscriberCount = 0

2023-04-28 22:27:19,176 INFO [long-pulling] client count 0

2023-04-28 22:27:19,260 INFO toNotifyTaskSize = 0

2023-04-28 22:27:19,261 INFO toClientNotifyTaskSize = 0

2023-04-28 22:27:19,260 INFO groupCount = 0, subscriberClientCount = 0, subscriberCount = 0

2023-04-28 22:27:29,181 INFO [long-pulling] client count 0

2023-04-28 22:27:29,264 INFO groupCount = 0, subscriberClientCount = 0, subscriberCount = 0

2023-04-28 22:27:29,264 INFO toNotifyTaskSize = 0

2023-04-28 22:27:29,265 INFO toClientNotifyTaskSize = 0

2023-04-28 22:27:39,187 INFO [long-pulling] client count 0

2023-04-28 22:27:39,267 INFO groupCount = 0, subscriberClientCount = 0, subscriberCount = 0

2023-04-28 22:27:39,267 INFO toNotifyTaskSize = 0

2023-04-28 22:27:39,267 INFO toClientNotifyTaskSize = 0

2023-04-28 22:27:49,192 INFO [long-pulling] client count 0

2023-04-28 22:27:49,268 INFO groupCount = 0, subscriberClientCount = 0, subscriberCount = 0

2023-04-28 22:27:49,268 INFO toNotifyTaskSize = 0

2023-04-28 22:27:49,268 INFO toClientNotifyTaskSize = 0

2023-04-28 22:27:59,197 INFO [long-pulling] client count 0

2023-04-28 22:27:59,270 INFO toNotifyTaskSize = 0

2023-04-28 22:27:59,270 INFO groupCount = 0, subscriberClientCount = 0, subscriberCount = 0

2023-04-28 22:27:59,270 INFO toClientNotifyTaskSize = 0

2023-04-28 22:28:09,203 INFO [long-pulling] client count 0

2023-04-28 22:28:09,274 INFO groupCount = 0, subscriberClientCount = 0, subscriberCount = 0

2023-04-28 22:28:09,274 INFO toNotifyTaskSize = 0

2023-04-28 22:28:09,274 INFO toClientNotifyTaskSize = 0

2023-04-28 22:28:19,208 INFO [long-pulling] client count 0

2023-04-28 22:28:19,279 INFO toNotifyTaskSize = 0

2023-04-28 22:28:19,279 INFO toClientNotifyTaskSize = 0

2023-04-28 22:28:19,279 INFO groupCount = 0, subscriberClientCount = 0, subscriberCount = 0

2023-04-28 22:28:29,209 INFO [long-pulling] client count 0

2023-04-28 22:28:29,281 INFO toNotifyTaskSize = 0

2023-04-28 22:28:29,281 INFO toClientNotifyTaskSize = 0

2023-04-28 22:28:29,281 INFO groupCount = 0, subscriberClientCount = 0, subscriberCount = 0

2023-04-28 22:28:39,214 INFO [long-pulling] client count 0

2023-04-28 22:28:39,286 INFO toNotifyTaskSize = 0

2023-04-28 22:28:39,286 INFO groupCount = 0, subscriberClientCount = 0, subscriberCount = 0

2023-04-28 22:28:39,286 INFO toClientNotifyTaskSize = 0

2023-04-28 22:28:49,219 INFO [long-pulling] client count 0

2023-04-28 22:28:49,288 INFO groupCount = 0, subscriberClientCount = 0, subscriberCount = 0

2023-04-28 22:28:49,288 INFO toNotifyTaskSize = 0

2023-04-28 22:28:49,288 INFO toClientNotifyTaskSize = 0

2023-04-28 22:28:59,225 INFO [long-pulling] client count 0

2023-04-28 22:28:59,291 INFO toNotifyTaskSize = 0

2023-04-28 22:28:59,291 INFO toClientNotifyTaskSize = 0

2023-04-28 22:28:59,291 INFO groupCount = 0, subscriberClientCount = 0, subscriberCount = 0

2023-04-28 22:29:09,226 INFO [long-pulling] client count 0

2023-04-28 22:29:09,294 INFO toNotifyTaskSize = 0

2023-04-28 22:29:09,294 INFO toClientNotifyTaskSize = 0

2023-04-28 22:29:09,294 INFO groupCount = 0, subscriberClientCount = 0, subscriberCount = 0

2023-04-28 22:29:19,232 INFO [long-pulling] client count 0

2023-04-28 22:29:19,299 INFO groupCount = 0, subscriberClientCount = 0, subscriberCount = 0

2023-04-28 22:29:19,299 INFO toNotifyTaskSize = 0

2023-04-28 22:29:19,299 INFO toClientNotifyTaskSize = 0

2023-04-28 22:29:29,237 INFO [long-pulling] client count 0

2023-04-28 22:29:29,304 INFO toNotifyTaskSize = 0

2023-04-28 22:29:29,304 INFO groupCount = 0, subscriberClientCount = 0, subscriberCount = 0

2023-04-28 22:29:29,304 INFO toClientNotifyTaskSize = 0

2023-04-28 22:29:39,243 INFO [long-pulling] client count 0

2023-04-28 22:29:39,309 INFO groupCount = 0, subscriberClientCount = 0, subscriberCount = 0

2023-04-28 22:29:39,309 INFO toNotifyTaskSize = 0

2023-04-28 22:29:39,309 INFO toClientNotifyTaskSize = 0

2023-04-28 22:29:49,248 INFO [long-pulling] client count 0

2023-04-28 22:29:49,312 INFO groupCount = 0, subscriberClientCount = 0, subscriberCount = 0

2023-04-28 22:29:49,312 INFO toNotifyTaskSize = 0

2023-04-28 22:29:49,312 INFO toClientNotifyTaskSize = 0

2023-04-28 22:29:59,254 INFO [long-pulling] client count 0

2023-04-28 22:29:59,314 INFO groupCount = 0, subscriberClientCount = 0, subscriberCount = 0

2023-04-28 22:29:59,314 INFO toNotifyTaskSize = 0

2023-04-28 22:29:59,314 INFO toClientNotifyTaskSize = 0

2023-04-28 22:30:09,259 INFO [long-pulling] client count 0

2023-04-28 22:30:09,317 INFO toNotifyTaskSize = 0

2023-04-28 22:30:09,317 INFO groupCount = 0, subscriberClientCount = 0, subscriberCount = 0

2023-04-28 22:30:09,317 INFO toClientNotifyTaskSize = 0

2023-04-28 22:30:19,262 INFO [long-pulling] client count 0

2023-04-28 22:30:19,319 INFO groupCount = 0, subscriberClientCount = 0, subscriberCount = 0

2023-04-28 22:30:19,319 INFO toNotifyTaskSize = 0

2023-04-28 22:30:19,319 INFO toClientNotifyTaskSize = 0

2023-04-28 22:30:29,264 INFO [long-pulling] client count 0

2023-04-28 22:30:29,322 INFO groupCount = 0, subscriberClientCount = 0, subscriberCount = 0

2023-04-28 22:30:29,322 INFO toNotifyTaskSize = 0

2023-04-28 22:30:29,322 INFO toClientNotifyTaskSize = 0

2023-04-28 22:30:39,266 INFO [long-pulling] client count 0

2023-04-28 22:30:39,322 INFO groupCount = 0, subscriberClientCount = 0, subscriberCount = 0

2023-04-28 22:30:39,322 INFO toNotifyTaskSize = 0

2023-04-28 22:30:39,322 INFO toClientNotifyTaskSize = 0

2023-04-28 22:30:49,270 INFO [long-pulling] client count 0

2023-04-28 22:30:49,323 INFO toNotifyTaskSize = 0

2023-04-28 22:30:49,323 INFO groupCount = 0, subscriberClientCount = 0, subscriberCount = 0

2023-04-28 22:30:49,323 INFO toClientNotifyTaskSize = 0

2023-04-28 22:30:59,276 INFO [long-pulling] client count 0

2023-04-28 22:30:59,329 INFO groupCount = 0, subscriberClientCount = 0, subscriberCount = 0

2023-04-28 22:30:59,329 INFO toNotifyTaskSize = 0

2023-04-28 22:30:59,329 INFO toClientNotifyTaskSize = 0

2023-04-28 22:31:09,279 INFO [long-pulling] client count 0

2023-04-28 22:31:09,329 INFO groupCount = 0, subscriberClientCount = 0, subscriberCount = 0

2023-04-28 22:31:09,329 INFO toNotifyTaskSize = 0

2023-04-28 22:31:09,329 INFO toClientNotifyTaskSize = 0

2023-04-28 22:31:19,282 INFO [long-pulling] client count 0

2023-04-28 22:31:19,330 INFO toNotifyTaskSize = 0

2023-04-28 22:31:19,330 INFO groupCount = 0, subscriberClientCount = 0, subscriberCount = 0

2023-04-28 22:31:19,330 INFO toClientNotifyTaskSize = 0

2023-04-28 22:31:29,287 INFO [long-pulling] client count 0

2023-04-28 22:31:29,335 INFO toNotifyTaskSize = 0

2023-04-28 22:31:29,335 INFO toClientNotifyTaskSize = 0

2023-04-28 22:31:29,335 INFO groupCount = 0, subscriberClientCount = 0, subscriberCount = 0

2023-04-28 22:31:39,292 INFO [long-pulling] client count 0

2023-04-28 22:31:39,340 INFO toNotifyTaskSize = 0

2023-04-28 22:31:39,340 INFO groupCount = 0, subscriberClientCount = 0, subscriberCount = 0

2023-04-28 22:31:39,341 INFO toClientNotifyTaskSize = 0

2023-04-28 22:31:49,294 INFO [long-pulling] client count 0

2023-04-28 22:31:49,341 INFO groupCount = 0, subscriberClientCount = 0, subscriberCount = 0

2023-04-28 22:31:49,341 INFO toNotifyTaskSize = 0

2023-04-28 22:31:49,341 INFO toClientNotifyTaskSize = 0

2023-04-28 22:31:59,298 INFO [long-pulling] client count 0

2023-04-28 22:31:59,344 INFO groupCount = 0, subscriberClientCount = 0, subscriberCount = 0

2023-04-28 22:31:59,344 INFO toNotifyTaskSize = 0

2023-04-28 22:31:59,344 INFO toClientNotifyTaskSize = 0

