2023-04-28 21:23:18,604 INFO [ClientConnectionEventListenerRegistry] registry listener - ConnectionBasedClientManager

2023-04-28 21:23:19,999 INFO [ClientConnectionEventListenerRegistry] registry listener - ConfigConnectionEventListener

2023-04-28 21:23:20,029 INFO [ClientConnectionEventListenerRegistry] registry listener - RpcAckCallbackInitorOrCleaner

2023-04-28 21:23:20,078 INFO Nacos GrpcSdkServer Rpc server starting at port 9848 and tls config:{"sslProvider":"","enableTls":false,"mutualAuthEnable":false,"trustAll":false,"compatibility":true}

2023-04-28 21:23:20,286 WARN Recommended use 'nacos.remote.server.grpc.sdk.max-inbound-message-size' property instead 'nacos.remote.server.grpc.maxinbound.message.size', now property value is 10485760

2023-04-28 21:23:20,400 INFO Nacos GrpcSdkServer Rpc server started at port 9848 and tls config:{"sslProvider":"","enableTls":false,"mutualAuthEnable":false,"trustAll":false,"compatibility":true}

2023-04-28 21:23:20,402 INFO Nacos GrpcClusterServer Rpc server starting at port 9849 and tls config:{"sslProvider":"","enableTls":false,"mutualAuthEnable":false,"trustAll":false,"compatibility":true}

2023-04-28 21:23:20,402 WARN Recommended use 'nacos.remote.server.grpc.cluster.max-inbound-message-size' property instead 'nacos.remote.server.grpc.maxinbound.message.size', now property value is 10485760

2023-04-28 21:23:20,405 INFO Nacos GrpcClusterServer Rpc server started at port 9849 and tls config:{"sslProvider":"","enableTls":false,"mutualAuthEnable":false,"trustAll":false,"compatibility":true}

2023-04-28 21:24:58,800 INFO Nacos GrpcClusterServer Rpc server stopping

2023-04-28 21:24:58,800 INFO Nacos GrpcSdkServer Rpc server stopping

2023-04-28 21:24:58,815 INFO Nacos GrpcClusterServer Rpc server stopped successfully...

2023-04-28 21:24:58,815 INFO Nacos GrpcSdkServer Rpc server stopped successfully...

2023-04-28 21:27:55,957 INFO [ClientConnectionEventListenerRegistry] registry listener - ConnectionBasedClientManager

2023-04-28 21:27:57,133 INFO [ClientConnectionEventListenerRegistry] registry listener - ConfigConnectionEventListener

2023-04-28 21:27:57,159 INFO [ClientConnectionEventListenerRegistry] registry listener - RpcAckCallbackInitorOrCleaner

2023-04-28 21:27:57,207 INFO Nacos GrpcSdkServer Rpc server starting at port 9848 and tls config:{"sslProvider":"","enableTls":false,"mutualAuthEnable":false,"trustAll":false,"compatibility":true}

2023-04-28 21:27:57,416 WARN Recommended use 'nacos.remote.server.grpc.sdk.max-inbound-message-size' property instead 'nacos.remote.server.grpc.maxinbound.message.size', now property value is 10485760

2023-04-28 21:27:57,512 INFO Nacos GrpcSdkServer Rpc server started at port 9848 and tls config:{"sslProvider":"","enableTls":false,"mutualAuthEnable":false,"trustAll":false,"compatibility":true}

2023-04-28 21:27:57,514 INFO Nacos GrpcClusterServer Rpc server starting at port 9849 and tls config:{"sslProvider":"","enableTls":false,"mutualAuthEnable":false,"trustAll":false,"compatibility":true}

2023-04-28 21:27:57,514 WARN Recommended use 'nacos.remote.server.grpc.cluster.max-inbound-message-size' property instead 'nacos.remote.server.grpc.maxinbound.message.size', now property value is 10485760

2023-04-28 21:27:57,516 INFO Nacos GrpcClusterServer Rpc server started at port 9849 and tls config:{"sslProvider":"","enableTls":false,"mutualAuthEnable":false,"trustAll":false,"compatibility":true}

2023-04-28 21:30:48,518 INFO [ClientConnectionEventListenerRegistry] registry listener - ConnectionBasedClientManager

2023-04-28 21:32:40,144 INFO [ClientConnectionEventListenerRegistry] registry listener - ConnectionBasedClientManager

2023-04-28 21:41:41,160 INFO Nacos GrpcSdkServer Rpc server stopping

2023-04-28 21:41:41,160 INFO Nacos GrpcClusterServer Rpc server stopping

2023-04-28 21:41:41,197 INFO Nacos GrpcSdkServer Rpc server stopped successfully...

2023-04-28 21:41:41,197 INFO Nacos GrpcClusterServer Rpc server stopped successfully...

2023-04-28 21:48:08,332 INFO [ClientConnectionEventListenerRegistry] registry listener - ConnectionBasedClientManager

2023-04-28 21:48:09,662 INFO [ClientConnectionEventListenerRegistry] registry listener - ConfigConnectionEventListener

2023-04-28 21:48:09,688 INFO [ClientConnectionEventListenerRegistry] registry listener - RpcAckCallbackInitorOrCleaner

2023-04-28 21:48:09,770 INFO Nacos GrpcSdkServer Rpc server starting at port 9848 and tls config:{"sslProvider":"","enableTls":false,"mutualAuthEnable":false,"trustAll":false,"compatibility":true}

2023-04-28 21:48:10,021 WARN Recommended use 'nacos.remote.server.grpc.sdk.max-inbound-message-size' property instead 'nacos.remote.server.grpc.maxinbound.message.size', now property value is 10485760

2023-04-28 21:48:10,125 INFO Nacos GrpcSdkServer Rpc server started at port 9848 and tls config:{"sslProvider":"","enableTls":false,"mutualAuthEnable":false,"trustAll":false,"compatibility":true}

2023-04-28 21:48:10,129 INFO Nacos GrpcClusterServer Rpc server starting at port 9849 and tls config:{"sslProvider":"","enableTls":false,"mutualAuthEnable":false,"trustAll":false,"compatibility":true}

2023-04-28 21:48:10,133 WARN Recommended use 'nacos.remote.server.grpc.cluster.max-inbound-message-size' property instead 'nacos.remote.server.grpc.maxinbound.message.size', now property value is 10485760

2023-04-28 21:48:10,149 INFO Nacos GrpcClusterServer Rpc server started at port 9849 and tls config:{"sslProvider":"","enableTls":false,"mutualAuthEnable":false,"trustAll":false,"compatibility":true}

2023-04-28 21:51:05,935 INFO [ClientConnectionEventListenerRegistry] registry listener - ConnectionBasedClientManager

2023-04-28 21:51:08,848 INFO Nacos GrpcSdkServer Rpc server stopping

2023-04-28 21:51:08,850 INFO Nacos GrpcClusterServer Rpc server stopping

2023-04-28 21:51:08,863 INFO Nacos GrpcClusterServer Rpc server stopped successfully...

2023-04-28 21:51:08,863 INFO Nacos GrpcSdkServer Rpc server stopped successfully...

2023-04-28 21:51:17,893 INFO [ClientConnectionEventListenerRegistry] registry listener - ConnectionBasedClientManager

2023-04-28 21:51:18,928 INFO [ClientConnectionEventListenerRegistry] registry listener - ConfigConnectionEventListener

2023-04-28 21:51:18,958 INFO [ClientConnectionEventListenerRegistry] registry listener - RpcAckCallbackInitorOrCleaner

2023-04-28 21:51:19,000 INFO Nacos GrpcSdkServer Rpc server starting at port 9848 and tls config:{"sslProvider":"","enableTls":false,"mutualAuthEnable":false,"trustAll":false,"compatibility":true}

2023-04-28 21:51:19,244 WARN Recommended use 'nacos.remote.server.grpc.sdk.max-inbound-message-size' property instead 'nacos.remote.server.grpc.maxinbound.message.size', now property value is 10485760

2023-04-28 21:51:19,343 INFO Nacos GrpcSdkServer Rpc server started at port 9848 and tls config:{"sslProvider":"","enableTls":false,"mutualAuthEnable":false,"trustAll":false,"compatibility":true}

2023-04-28 21:51:19,345 INFO Nacos GrpcClusterServer Rpc server starting at port 9849 and tls config:{"sslProvider":"","enableTls":false,"mutualAuthEnable":false,"trustAll":false,"compatibility":true}

2023-04-28 21:51:19,345 WARN Recommended use 'nacos.remote.server.grpc.cluster.max-inbound-message-size' property instead 'nacos.remote.server.grpc.maxinbound.message.size', now property value is 10485760

2023-04-28 21:51:19,348 INFO Nacos GrpcClusterServer Rpc server started at port 9849 and tls config:{"sslProvider":"","enableTls":false,"mutualAuthEnable":false,"trustAll":false,"compatibility":true}

2023-04-28 22:17:08,570 INFO [ClientConnectionEventListenerRegistry] registry listener - ConnectionBasedClientManager

2023-04-28 22:17:13,226 INFO Nacos GrpcSdkServer Rpc server stopping

2023-04-28 22:17:13,230 INFO Nacos GrpcClusterServer Rpc server stopping

2023-04-28 22:17:13,243 INFO Nacos GrpcClusterServer Rpc server stopped successfully...

2023-04-28 22:17:13,243 INFO Nacos GrpcSdkServer Rpc server stopped successfully...

2023-04-28 22:17:17,724 INFO [ClientConnectionEventListenerRegistry] registry listener - ConnectionBasedClientManager

2023-04-28 22:17:19,389 INFO [ClientConnectionEventListenerRegistry] registry listener - ConfigConnectionEventListener

2023-04-28 22:17:19,485 INFO [ClientConnectionEventListenerRegistry] registry listener - RpcAckCallbackInitorOrCleaner

2023-04-28 22:17:19,584 INFO Nacos GrpcSdkServer Rpc server starting at port 9848 and tls config:{"sslProvider":"","enableTls":false,"mutualAuthEnable":false,"trustAll":false,"compatibility":true}

2023-04-28 22:17:19,890 WARN Recommended use 'nacos.remote.server.grpc.sdk.max-inbound-message-size' property instead 'nacos.remote.server.grpc.maxinbound.message.size', now property value is 10485760

2023-04-28 22:17:19,997 INFO Nacos GrpcSdkServer Rpc server started at port 9848 and tls config:{"sslProvider":"","enableTls":false,"mutualAuthEnable":false,"trustAll":false,"compatibility":true}

2023-04-28 22:17:19,999 INFO Nacos GrpcClusterServer Rpc server starting at port 9849 and tls config:{"sslProvider":"","enableTls":false,"mutualAuthEnable":false,"trustAll":false,"compatibility":true}

2023-04-28 22:17:19,999 WARN Recommended use 'nacos.remote.server.grpc.cluster.max-inbound-message-size' property instead 'nacos.remote.server.grpc.maxinbound.message.size', now property value is 10485760

2023-04-28 22:17:20,002 INFO Nacos GrpcClusterServer Rpc server started at port 9849 and tls config:{"sslProvider":"","enableTls":false,"mutualAuthEnable":false,"trustAll":false,"compatibility":true}

